{"D:\\Tensor\\frontend\\src\\config\\queryClient.ts": {"path":"D:\\Tensor\\frontend\\src\\config\\queryClient.ts","all":false,"statementMap":{"0":{"start":{"line":1,"column":0},"end":{"line":1,"column":52}},"3":{"start":{"line":4,"column":0},"end":{"line":4,"column":44}},"4":{"start":{"line":5,"column":0},"end":{"line":5,"column":19}},"5":{"start":{"line":6,"column":0},"end":{"line":6,"column":14}},"6":{"start":{"line":7,"column":0},"end":{"line":7,"column":50}},"7":{"start":{"line":8,"column":0},"end":{"line":8,"column":52}},"8":{"start":{"line":9,"column":0},"end":{"line":9,"column":33}},"9":{"start":{"line":10,"column":0},"end":{"line":10,"column":31}},"10":{"start":{"line":11,"column":0},"end":{"line":11,"column":39}},"12":{"start":{"line":13,"column":0},"end":{"line":13,"column":85}},"13":{"start":{"line":14,"column":0},"end":{"line":14,"column":23}},"14":{"start":{"line":15,"column":0},"end":{"line":15,"column":9}},"15":{"start":{"line":16,"column":0},"end":{"line":16,"column":32}},"16":{"start":{"line":17,"column":0},"end":{"line":17,"column":8}},"17":{"start":{"line":18,"column":0},"end":{"line":18,"column":81}},"18":{"start":{"line":19,"column":0},"end":{"line":19,"column":6}},"19":{"start":{"line":20,"column":0},"end":{"line":20,"column":16}},"20":{"start":{"line":21,"column":0},"end":{"line":21,"column":19}},"21":{"start":{"line":22,"column":0},"end":{"line":22,"column":6}},"22":{"start":{"line":23,"column":0},"end":{"line":23,"column":4}},"23":{"start":{"line":24,"column":0},"end":{"line":24,"column":3}},"26":{"start":{"line":27,"column":0},"end":{"line":27,"column":26}},"27":{"start":{"line":28,"column":0},"end":{"line":28,"column":13}},"28":{"start":{"line":29,"column":0},"end":{"line":29,"column":31}},"29":{"start":{"line":30,"column":0},"end":{"line":30,"column":62}},"30":{"start":{"line":31,"column":0},"end":{"line":31,"column":96}},"31":{"start":{"line":32,"column":0},"end":{"line":32,"column":66}},"32":{"start":{"line":33,"column":0},"end":{"line":33,"column":75}},"33":{"start":{"line":34,"column":0},"end":{"line":34,"column":4}},"34":{"start":{"line":35,"column":0},"end":{"line":35,"column":15}},"35":{"start":{"line":36,"column":0},"end":{"line":36,"column":33}},"36":{"start":{"line":37,"column":0},"end":{"line":37,"column":64}},"37":{"start":{"line":38,"column":0},"end":{"line":38,"column":80}},"38":{"start":{"line":39,"column":0},"end":{"line":39,"column":63}},"39":{"start":{"line":40,"column":0},"end":{"line":40,"column":79}},"40":{"start":{"line":41,"column":0},"end":{"line":41,"column":4}},"41":{"start":{"line":42,"column":0},"end":{"line":42,"column":9}},"42":{"start":{"line":43,"column":0},"end":{"line":43,"column":27}},"43":{"start":{"line":44,"column":0},"end":{"line":44,"column":69}},"44":{"start":{"line":45,"column":0},"end":{"line":45,"column":65}},"45":{"start":{"line":46,"column":0},"end":{"line":46,"column":55}},"46":{"start":{"line":47,"column":0},"end":{"line":47,"column":67}},"47":{"start":{"line":48,"column":0},"end":{"line":48,"column":63}},"48":{"start":{"line":49,"column":0},"end":{"line":49,"column":4}},"49":{"start":{"line":50,"column":0},"end":{"line":50,"column":10}},"50":{"start":{"line":51,"column":0},"end":{"line":51,"column":28}},"51":{"start":{"line":52,"column":0},"end":{"line":52,"column":59}},"52":{"start":{"line":53,"column":0},"end":{"line":53,"column":93}},"53":{"start":{"line":54,"column":0},"end":{"line":54,"column":76}},"54":{"start":{"line":55,"column":0},"end":{"line":55,"column":82}},"55":{"start":{"line":56,"column":0},"end":{"line":56,"column":86}},"56":{"start":{"line":57,"column":0},"end":{"line":57,"column":42}},"57":{"start":{"line":58,"column":0},"end":{"line":58,"column":70}},"58":{"start":{"line":59,"column":0},"end":{"line":59,"column":4}},"59":{"start":{"line":60,"column":0},"end":{"line":60,"column":14}},"60":{"start":{"line":61,"column":0},"end":{"line":61,"column":32}},"61":{"start":{"line":62,"column":0},"end":{"line":62,"column":50}},"62":{"start":{"line":63,"column":0},"end":{"line":63,"column":73}},"63":{"start":{"line":64,"column":0},"end":{"line":64,"column":35}},"64":{"start":{"line":65,"column":0},"end":{"line":65,"column":66}},"65":{"start":{"line":66,"column":0},"end":{"line":66,"column":4}},"66":{"start":{"line":67,"column":0},"end":{"line":67,"column":14}},"67":{"start":{"line":68,"column":0},"end":{"line":68,"column":32}},"68":{"start":{"line":69,"column":0},"end":{"line":69,"column":62}},"69":{"start":{"line":70,"column":0},"end":{"line":70,"column":85}},"70":{"start":{"line":71,"column":0},"end":{"line":71,"column":81}},"71":{"start":{"line":72,"column":0},"end":{"line":72,"column":83}},"72":{"start":{"line":73,"column":0},"end":{"line":73,"column":4}},"73":{"start":{"line":74,"column":0},"end":{"line":74,"column":2}}},"s":{"0":1,"3":1,"4":1,"5":1,"6":1,"7":1,"8":1,"9":1,"10":1,"12":0,"13":0,"14":0,"15":0,"16":0,"17":1,"18":1,"19":1,"20":1,"21":1,"22":1,"23":1,"26":1,"27":1,"28":1,"29":1,"30":1,"31":1,"32":1,"33":1,"34":1,"35":1,"36":1,"37":18,"38":1,"39":0,"40":1,"41":1,"42":1,"43":1,"44":1,"45":1,"46":4,"47":1,"48":1,"49":1,"50":1,"51":1,"52":1,"53":1,"54":1,"55":1,"56":1,"57":2,"58":1,"59":1,"60":1,"61":1,"62":10,"63":1,"64":3,"65":1,"66":1,"67":1,"68":1,"69":1,"70":1,"71":1,"72":1,"73":1},"branchMap":{"0":{"type":"branch","line":30,"loc":{"start":{"line":30,"column":11},"end":{"line":30,"column":62}},"locations":[{"start":{"line":30,"column":11},"end":{"line":30,"column":62}}]},"1":{"type":"branch","line":31,"loc":{"start":{"line":31,"column":10},"end":{"line":31,"column":96}},"locations":[{"start":{"line":31,"column":10},"end":{"line":31,"column":96}}]},"2":{"type":"branch","line":37,"loc":{"start":{"line":37,"column":11},"end":{"line":38,"column":80}},"locations":[{"start":{"line":37,"column":11},"end":{"line":38,"column":80}}]},"3":{"type":"branch","line":44,"loc":{"start":{"line":44,"column":16},"end":{"line":44,"column":69}},"locations":[{"start":{"line":44,"column":16},"end":{"line":44,"column":69}}]},"4":{"type":"branch","line":46,"loc":{"start":{"line":46,"column":19},"end":{"line":47,"column":67}},"locations":[{"start":{"line":46,"column":19},"end":{"line":47,"column":67}}]},"5":{"type":"branch","line":52,"loc":{"start":{"line":52,"column":11},"end":{"line":52,"column":59}},"locations":[{"start":{"line":52,"column":11},"end":{"line":52,"column":59}}]},"6":{"type":"branch","line":53,"loc":{"start":{"line":53,"column":10},"end":{"line":53,"column":93}},"locations":[{"start":{"line":53,"column":10},"end":{"line":53,"column":93}}]},"7":{"type":"branch","line":54,"loc":{"start":{"line":54,"column":12},"end":{"line":54,"column":76}},"locations":[{"start":{"line":54,"column":12},"end":{"line":54,"column":76}}]},"8":{"type":"branch","line":56,"loc":{"start":{"line":56,"column":13},"end":{"line":56,"column":86}},"locations":[{"start":{"line":56,"column":13},"end":{"line":56,"column":86}}]},"9":{"type":"branch","line":57,"loc":{"start":{"line":57,"column":20},"end":{"line":58,"column":70}},"locations":[{"start":{"line":57,"column":20},"end":{"line":58,"column":70}}]},"10":{"type":"branch","line":62,"loc":{"start":{"line":62,"column":11},"end":{"line":63,"column":73}},"locations":[{"start":{"line":62,"column":11},"end":{"line":63,"column":73}}]},"11":{"type":"branch","line":64,"loc":{"start":{"line":64,"column":13},"end":{"line":65,"column":66}},"locations":[{"start":{"line":64,"column":13},"end":{"line":65,"column":66}}]}},"b":{"0":[10],"1":[10],"2":[18],"3":[4],"4":[4],"5":[4],"6":[4],"7":[2],"8":[2],"9":[2],"10":[10],"11":[3]},"fnMap":{"0":{"name":"retry","decl":{"start":{"line":11,"column":13},"end":{"line":17,"column":8}},"loc":{"start":{"line":11,"column":13},"end":{"line":17,"column":8}},"line":11},"1":{"name":"retryDelay","decl":{"start":{"line":18,"column":18},"end":{"line":18,"column":81}},"loc":{"start":{"line":18,"column":18},"end":{"line":18,"column":81}},"line":18},"2":{"name":"lists","decl":{"start":{"line":30,"column":11},"end":{"line":30,"column":62}},"loc":{"start":{"line":30,"column":11},"end":{"line":30,"column":62}},"line":30},"3":{"name":"list","decl":{"start":{"line":31,"column":10},"end":{"line":31,"column":96}},"loc":{"start":{"line":31,"column":10},"end":{"line":31,"column":96}},"line":31},"4":{"name":"details","decl":{"start":{"line":32,"column":13},"end":{"line":32,"column":66}},"loc":{"start":{"line":32,"column":13},"end":{"line":32,"column":66}},"line":32},"5":{"name":"detail","decl":{"start":{"line":33,"column":12},"end":{"line":33,"column":75}},"loc":{"start":{"line":33,"column":12},"end":{"line":33,"column":75}},"line":33},"6":{"name":"class","decl":{"start":{"line":37,"column":11},"end":{"line":38,"column":80}},"loc":{"start":{"line":37,"column":11},"end":{"line":38,"column":80}},"line":37},"7":{"name":"student","decl":{"start":{"line":39,"column":13},"end":{"line":40,"column":79}},"loc":{"start":{"line":39,"column":13},"end":{"line":40,"column":79}},"line":39},"8":{"name":"structures","decl":{"start":{"line":44,"column":16},"end":{"line":44,"column":69}},"loc":{"start":{"line":44,"column":16},"end":{"line":44,"column":69}},"line":44},"9":{"name":"payments","decl":{"start":{"line":45,"column":14},"end":{"line":45,"column":65}},"loc":{"start":{"line":45,"column":14},"end":{"line":45,"column":65}},"line":45},"10":{"name":"studentStatus","decl":{"start":{"line":46,"column":19},"end":{"line":47,"column":67}},"loc":{"start":{"line":46,"column":19},"end":{"line":47,"column":67}},"line":46},"11":{"name":"pending","decl":{"start":{"line":48,"column":13},"end":{"line":48,"column":63}},"loc":{"start":{"line":48,"column":13},"end":{"line":48,"column":63}},"line":48},"12":{"name":"lists","decl":{"start":{"line":52,"column":11},"end":{"line":52,"column":59}},"loc":{"start":{"line":52,"column":11},"end":{"line":52,"column":59}},"line":52},"13":{"name":"list","decl":{"start":{"line":53,"column":10},"end":{"line":53,"column":93}},"loc":{"start":{"line":53,"column":10},"end":{"line":53,"column":93}},"line":53},"14":{"name":"detail","decl":{"start":{"line":54,"column":12},"end":{"line":54,"column":76}},"loc":{"start":{"line":54,"column":12},"end":{"line":54,"column":76}},"line":54},"15":{"name":"marks","decl":{"start":{"line":55,"column":11},"end":{"line":55,"column":82}},"loc":{"start":{"line":55,"column":11},"end":{"line":55,"column":82}},"line":55},"16":{"name":"results","decl":{"start":{"line":56,"column":13},"end":{"line":56,"column":86}},"loc":{"start":{"line":56,"column":13},"end":{"line":56,"column":86}},"line":56},"17":{"name":"studentResults","decl":{"start":{"line":57,"column":20},"end":{"line":58,"column":70}},"loc":{"start":{"line":57,"column":20},"end":{"line":58,"column":70}},"line":57},"18":{"name":"class","decl":{"start":{"line":62,"column":11},"end":{"line":63,"column":73}},"loc":{"start":{"line":62,"column":11},"end":{"line":63,"column":73}},"line":62},"19":{"name":"teacher","decl":{"start":{"line":64,"column":13},"end":{"line":65,"column":66}},"loc":{"start":{"line":64,"column":13},"end":{"line":65,"column":66}},"line":64},"20":{"name":"kpis","decl":{"start":{"line":69,"column":10},"end":{"line":69,"column":62}},"loc":{"start":{"line":69,"column":10},"end":{"line":69,"column":62}},"line":69},"21":{"name":"attendanceTrend","decl":{"start":{"line":70,"column":21},"end":{"line":70,"column":85}},"loc":{"start":{"line":70,"column":21},"end":{"line":70,"column":85}},"line":70},"22":{"name":"feeCollection","decl":{"start":{"line":71,"column":19},"end":{"line":71,"column":81}},"loc":{"start":{"line":71,"column":19},"end":{"line":71,"column":81}},"line":71},"23":{"name":"recentActivity","decl":{"start":{"line":72,"column":20},"end":{"line":72,"column":83}},"loc":{"start":{"line":72,"column":20},"end":{"line":72,"column":83}},"line":72}},"f":{"0":0,"1":0,"2":10,"3":10,"4":0,"5":0,"6":18,"7":0,"8":4,"9":0,"10":4,"11":0,"12":4,"13":4,"14":2,"15":0,"16":2,"17":2,"18":10,"19":3,"20":0,"21":0,"22":0,"23":0}}
,"D:\\Tensor\\frontend\\src\\schemas\\examSchemas.ts": {"path":"D:\\Tensor\\frontend\\src\\schemas\\examSchemas.ts","all":false,"statementMap":{"0":{"start":{"line":1,"column":0},"end":{"line":1,"column":24}},"2":{"start":{"line":3,"column":0},"end":{"line":3,"column":27}},"3":{"start":{"line":4,"column":0},"end":{"line":4,"column":11}},"4":{"start":{"line":5,"column":0},"end":{"line":5,"column":11}},"5":{"start":{"line":6,"column":0},"end":{"line":6,"column":15}},"6":{"start":{"line":7,"column":0},"end":{"line":7,"column":56}},"7":{"start":{"line":8,"column":0},"end":{"line":8,"column":60}},"8":{"start":{"line":9,"column":0},"end":{"line":9,"column":71}},"9":{"start":{"line":10,"column":0},"end":{"line":10,"column":46}},"10":{"start":{"line":11,"column":0},"end":{"line":11,"column":7}},"11":{"start":{"line":12,"column":0},"end":{"line":12,"column":99}},"12":{"start":{"line":13,"column":0},"end":{"line":13,"column":14}},"13":{"start":{"line":14,"column":0},"end":{"line":14,"column":15}},"14":{"start":{"line":15,"column":0},"end":{"line":15,"column":54}},"15":{"start":{"line":16,"column":0},"end":{"line":16,"column":58}},"16":{"start":{"line":17,"column":0},"end":{"line":17,"column":15}},"17":{"start":{"line":18,"column":0},"end":{"line":18,"column":58}},"18":{"start":{"line":19,"column":0},"end":{"line":19,"column":46}},"19":{"start":{"line":20,"column":0},"end":{"line":20,"column":46}},"20":{"start":{"line":21,"column":0},"end":{"line":21,"column":19}},"21":{"start":{"line":22,"column":0},"end":{"line":22,"column":62}},"22":{"start":{"line":23,"column":0},"end":{"line":23,"column":50}},"23":{"start":{"line":24,"column":0},"end":{"line":24,"column":50}},"24":{"start":{"line":25,"column":0},"end":{"line":25,"column":57}},"25":{"start":{"line":26,"column":0},"end":{"line":26,"column":4}},"26":{"start":{"line":27,"column":0},"end":{"line":27,"column":57}},"27":{"start":{"line":28,"column":0},"end":{"line":28,"column":53}},"28":{"start":{"line":29,"column":0},"end":{"line":29,"column":27}},"29":{"start":{"line":30,"column":0},"end":{"line":30,"column":5}},"31":{"start":{"line":32,"column":0},"end":{"line":32,"column":33}},"32":{"start":{"line":33,"column":0},"end":{"line":33,"column":11}},"33":{"start":{"line":34,"column":0},"end":{"line":34,"column":81}},"34":{"start":{"line":35,"column":0},"end":{"line":35,"column":26}},"35":{"start":{"line":36,"column":0},"end":{"line":36,"column":35}},"36":{"start":{"line":37,"column":0},"end":{"line":37,"column":4}},"37":{"start":{"line":38,"column":0},"end":{"line":38,"column":10}},"38":{"start":{"line":39,"column":0},"end":{"line":39,"column":15}},"39":{"start":{"line":40,"column":0},"end":{"line":40,"column":26}},"40":{"start":{"line":41,"column":0},"end":{"line":41,"column":76}},"41":{"start":{"line":42,"column":0},"end":{"line":42,"column":7}},"42":{"start":{"line":43,"column":0},"end":{"line":43,"column":18}},"43":{"start":{"line":44,"column":0},"end":{"line":44,"column":6}},"44":{"start":{"line":45,"column":0},"end":{"line":45,"column":5}},"45":{"start":{"line":46,"column":0},"end":{"line":46,"column":65}},"46":{"start":{"line":47,"column":0},"end":{"line":47,"column":30}},"47":{"start":{"line":48,"column":0},"end":{"line":48,"column":5}},"48":{"start":{"line":49,"column":0},"end":{"line":49,"column":4}}},"s":{"0":1,"2":1,"3":1,"4":1,"5":1,"6":1,"7":1,"8":1,"9":1,"10":1,"11":1,"12":1,"13":1,"14":1,"15":1,"16":1,"17":1,"18":1,"19":1,"20":1,"21":1,"22":1,"23":1,"24":1,"25":1,"26":1,"27":1,"28":1,"29":1,"31":1,"32":1,"33":1,"34":1,"35":1,"36":1,"37":1,"38":1,"39":107,"40":105,"41":105,"42":2,"43":107,"44":1,"45":1,"46":1,"47":1,"48":1},"branchMap":{"0":{"type":"branch","line":27,"loc":{"start":{"line":27,"column":10},"end":{"line":27,"column":56}},"locations":[{"start":{"line":27,"column":10},"end":{"line":27,"column":56}}]},"1":{"type":"branch","line":39,"loc":{"start":{"line":39,"column":4},"end":{"line":44,"column":6}},"locations":[{"start":{"line":39,"column":4},"end":{"line":44,"column":6}}]},"2":{"type":"branch","line":40,"loc":{"start":{"line":40,"column":25},"end":{"line":42,"column":7}},"locations":[{"start":{"line":40,"column":25},"end":{"line":42,"column":7}}]},"3":{"type":"branch","line":41,"loc":{"start":{"line":41,"column":38},"end":{"line":41,"column":76}},"locations":[{"start":{"line":41,"column":38},"end":{"line":41,"column":76}}]},"4":{"type":"branch","line":42,"loc":{"start":{"line":42,"column":6},"end":{"line":43,"column":18}},"locations":[{"start":{"line":42,"column":6},"end":{"line":43,"column":18}}]}},"b":{"0":[204],"1":[107],"2":[105],"3":[103],"4":[2]},"fnMap":{"0":{"name":"__vite_ssr_import_0__.z.object.refine.message","decl":{"start":{"line":27,"column":10},"end":{"line":27,"column":56}},"loc":{"start":{"line":27,"column":10},"end":{"line":27,"column":56}},"line":27},"1":{"name":"__vite_ssr_import_0__.z.object.refine.message","decl":{"start":{"line":39,"column":4},"end":{"line":44,"column":6}},"loc":{"start":{"line":39,"column":4},"end":{"line":44,"column":6}},"line":39}},"f":{"0":204,"1":107}}
,"D:\\Tensor\\frontend\\src\\schemas\\feeSchemas.ts": {"path":"D:\\Tensor\\frontend\\src\\schemas\\feeSchemas.ts","all":false,"statementMap":{"0":{"start":{"line":1,"column":0},"end":{"line":1,"column":24}},"2":{"start":{"line":3,"column":0},"end":{"line":3,"column":44}},"3":{"start":{"line":4,"column":0},"end":{"line":4,"column":97}},"4":{"start":{"line":5,"column":0},"end":{"line":5,"column":17}},"5":{"start":{"line":6,"column":0},"end":{"line":6,"column":13}},"6":{"start":{"line":7,"column":0},"end":{"line":7,"column":73}},"7":{"start":{"line":8,"column":0},"end":{"line":8,"column":111}},"8":{"start":{"line":9,"column":0},"end":{"line":9,"column":88}},"9":{"start":{"line":10,"column":0},"end":{"line":10,"column":86}},"10":{"start":{"line":11,"column":0},"end":{"line":11,"column":80}},"11":{"start":{"line":12,"column":0},"end":{"line":12,"column":3}},"13":{"start":{"line":14,"column":0},"end":{"line":14,"column":39}},"14":{"start":{"line":15,"column":0},"end":{"line":15,"column":103}},"15":{"start":{"line":16,"column":0},"end":{"line":16,"column":17}},"16":{"start":{"line":17,"column":0},"end":{"line":17,"column":13}},"17":{"start":{"line":18,"column":0},"end":{"line":18,"column":73}},"18":{"start":{"line":19,"column":0},"end":{"line":19,"column":11}},"19":{"start":{"line":20,"column":0},"end":{"line":20,"column":53}},"20":{"start":{"line":21,"column":0},"end":{"line":21,"column":50}},"21":{"start":{"line":22,"column":0},"end":{"line":22,"column":16}},"22":{"start":{"line":23,"column":0},"end":{"line":23,"column":13}},"23":{"start":{"line":24,"column":0},"end":{"line":24,"column":39}},"24":{"start":{"line":25,"column":0},"end":{"line":25,"column":22}},"25":{"start":{"line":26,"column":0},"end":{"line":26,"column":33}},"26":{"start":{"line":27,"column":0},"end":{"line":27,"column":46}},"27":{"start":{"line":28,"column":0},"end":{"line":28,"column":32}},"28":{"start":{"line":29,"column":0},"end":{"line":29,"column":47}},"29":{"start":{"line":30,"column":0},"end":{"line":30,"column":80}},"30":{"start":{"line":31,"column":0},"end":{"line":31,"column":49}},"31":{"start":{"line":32,"column":0},"end":{"line":32,"column":5}},"32":{"start":{"line":33,"column":0},"end":{"line":33,"column":39}},"33":{"start":{"line":34,"column":0},"end":{"line":34,"column":33}},"34":{"start":{"line":35,"column":0},"end":{"line":35,"column":3}}},"s":{"0":1,"2":1,"3":1,"4":1,"5":1,"6":1,"7":1,"8":1,"9":1,"10":1,"11":1,"13":1,"14":1,"15":1,"16":1,"17":1,"18":1,"19":1,"20":1,"21":1,"22":1,"23":1,"24":1,"25":404,"26":404,"27":404,"28":1,"29":1,"30":1,"31":1,"32":1,"33":1,"34":1},"branchMap":{"0":{"type":"branch","line":25,"loc":{"start":{"line":25,"column":12},"end":{"line":29,"column":7}},"locations":[{"start":{"line":25,"column":12},"end":{"line":29,"column":7}}]},"1":{"type":"branch","line":27,"loc":{"start":{"line":27,"column":33},"end":{"line":27,"column":46}},"locations":[{"start":{"line":27,"column":33},"end":{"line":27,"column":46}}]}},"b":{"0":[404],"1":[0]},"fnMap":{},"f":{}}
,"D:\\Tensor\\frontend\\src\\schemas\\studentSchemas.ts": {"path":"D:\\Tensor\\frontend\\src\\schemas\\studentSchemas.ts","all":false,"statementMap":{"0":{"start":{"line":1,"column":0},"end":{"line":1,"column":24}},"2":{"start":{"line":3,"column":0},"end":{"line":3,"column":31}},"4":{"start":{"line":5,"column":0},"end":{"line":5,"column":47}},"5":{"start":{"line":6,"column":0},"end":{"line":6,"column":16}},"6":{"start":{"line":7,"column":0},"end":{"line":7,"column":13}},"7":{"start":{"line":8,"column":0},"end":{"line":8,"column":43}},"8":{"start":{"line":9,"column":0},"end":{"line":9,"column":104}},"9":{"start":{"line":10,"column":0},"end":{"line":10,"column":14}},"10":{"start":{"line":11,"column":0},"end":{"line":11,"column":13}},"11":{"start":{"line":12,"column":0},"end":{"line":12,"column":55}},"12":{"start":{"line":13,"column":0},"end":{"line":13,"column":58}},"13":{"start":{"line":14,"column":0},"end":{"line":14,"column":32}},"14":{"start":{"line":15,"column":0},"end":{"line":15,"column":13}},"15":{"start":{"line":16,"column":0},"end":{"line":16,"column":13}},"16":{"start":{"line":17,"column":0},"end":{"line":17,"column":54}},"17":{"start":{"line":18,"column":0},"end":{"line":18,"column":57}},"18":{"start":{"line":19,"column":0},"end":{"line":19,"column":32}},"19":{"start":{"line":20,"column":0},"end":{"line":20,"column":16}},"20":{"start":{"line":21,"column":0},"end":{"line":21,"column":13}},"21":{"start":{"line":22,"column":0},"end":{"line":22,"column":40}},"22":{"start":{"line":23,"column":0},"end":{"line":23,"column":22}},"23":{"start":{"line":24,"column":0},"end":{"line":24,"column":32}},"24":{"start":{"line":25,"column":0},"end":{"line":25,"column":45}},"25":{"start":{"line":26,"column":0},"end":{"line":26,"column":26}},"26":{"start":{"line":27,"column":0},"end":{"line":27,"column":56}},"27":{"start":{"line":28,"column":0},"end":{"line":28,"column":56}},"28":{"start":{"line":29,"column":0},"end":{"line":29,"column":23}},"29":{"start":{"line":30,"column":0},"end":{"line":30,"column":92}},"30":{"start":{"line":31,"column":0},"end":{"line":31,"column":47}},"31":{"start":{"line":32,"column":0},"end":{"line":32,"column":53}},"32":{"start":{"line":33,"column":0},"end":{"line":33,"column":88}},"33":{"start":{"line":34,"column":0},"end":{"line":34,"column":3}},"35":{"start":{"line":36,"column":0},"end":{"line":36,"column":46}},"36":{"start":{"line":37,"column":0},"end":{"line":37,"column":80}},"37":{"start":{"line":38,"column":0},"end":{"line":38,"column":31}},"38":{"start":{"line":39,"column":0},"end":{"line":39,"column":33}},"39":{"start":{"line":40,"column":0},"end":{"line":40,"column":3}},"41":{"start":{"line":42,"column":0},"end":{"line":42,"column":47}},"42":{"start":{"line":43,"column":0},"end":{"line":43,"column":97}},"43":{"start":{"line":44,"column":0},"end":{"line":44,"column":103}},"44":{"start":{"line":45,"column":0},"end":{"line":45,"column":18}},"45":{"start":{"line":46,"column":0},"end":{"line":46,"column":13}},"46":{"start":{"line":47,"column":0},"end":{"line":47,"column":41}},"47":{"start":{"line":48,"column":0},"end":{"line":48,"column":22}},"48":{"start":{"line":49,"column":0},"end":{"line":49,"column":33}},"49":{"start":{"line":50,"column":0},"end":{"line":50,"column":46}},"50":{"start":{"line":51,"column":0},"end":{"line":51,"column":29}},"51":{"start":{"line":52,"column":0},"end":{"line":52,"column":49}},"52":{"start":{"line":53,"column":0},"end":{"line":53,"column":3}},"54":{"start":{"line":55,"column":0},"end":{"line":55,"column":45}},"55":{"start":{"line":56,"column":0},"end":{"line":56,"column":15}},"56":{"start":{"line":57,"column":0},"end":{"line":57,"column":13}},"57":{"start":{"line":58,"column":0},"end":{"line":58,"column":56}},"58":{"start":{"line":59,"column":0},"end":{"line":59,"column":32}},"59":{"start":{"line":60,"column":0},"end":{"line":60,"column":16}},"60":{"start":{"line":61,"column":0},"end":{"line":61,"column":13}},"61":{"start":{"line":62,"column":0},"end":{"line":62,"column":63}},"62":{"start":{"line":63,"column":0},"end":{"line":63,"column":86}},"63":{"start":{"line":64,"column":0},"end":{"line":64,"column":3}},"65":{"start":{"line":66,"column":0},"end":{"line":66,"column":54}},"66":{"start":{"line":67,"column":0},"end":{"line":67,"column":30}},"67":{"start":{"line":68,"column":0},"end":{"line":68,"column":31}},"68":{"start":{"line":69,"column":0},"end":{"line":69,"column":30}}},"s":{"0":1,"2":1,"4":1,"5":1,"6":1,"7":1,"8":1,"9":1,"10":1,"11":1,"12":1,"13":1,"14":1,"15":1,"16":1,"17":1,"18":1,"19":1,"20":1,"21":1,"22":1,"23":105,"24":105,"25":105,"26":105,"27":105,"28":105,"29":105,"30":105,"31":1,"32":1,"33":1,"35":1,"36":1,"37":1,"38":1,"39":1,"41":1,"42":1,"43":1,"44":1,"45":1,"46":1,"47":1,"48":103,"49":103,"50":103,"51":1,"52":1,"54":1,"55":1,"56":1,"57":1,"58":1,"59":1,"60":1,"61":1,"62":1,"63":1,"65":1,"66":1,"67":1,"68":1},"branchMap":{"0":{"type":"branch","line":3,"loc":{"start":{"line":3,"column":14},"end":{"line":3,"column":31}},"locations":[{"start":{"line":3,"column":14},"end":{"line":3,"column":31}}]},"1":{"type":"branch","line":14,"loc":{"start":{"line":14,"column":15},"end":{"line":14,"column":30}},"locations":[{"start":{"line":14,"column":15},"end":{"line":14,"column":30}}]},"2":{"type":"branch","line":19,"loc":{"start":{"line":19,"column":15},"end":{"line":19,"column":30}},"locations":[{"start":{"line":19,"column":15},"end":{"line":19,"column":30}}]},"3":{"type":"branch","line":23,"loc":{"start":{"line":23,"column":12},"end":{"line":32,"column":7}},"locations":[{"start":{"line":23,"column":12},"end":{"line":32,"column":7}}]},"4":{"type":"branch","line":25,"loc":{"start":{"line":25,"column":32},"end":{"line":25,"column":45}},"locations":[{"start":{"line":25,"column":32},"end":{"line":25,"column":45}}]},"5":{"type":"branch","line":30,"loc":{"start":{"line":30,"column":20},"end":{"line":30,"column":78}},"locations":[{"start":{"line":30,"column":20},"end":{"line":30,"column":78}}]},"6":{"type":"branch","line":30,"loc":{"start":{"line":30,"column":40},"end":{"line":30,"column":78}},"locations":[{"start":{"line":30,"column":40},"end":{"line":30,"column":78}}]},"7":{"type":"branch","line":30,"loc":{"start":{"line":30,"column":73},"end":{"line":30,"column":88}},"locations":[{"start":{"line":30,"column":73},"end":{"line":30,"column":88}}]},"8":{"type":"branch","line":30,"loc":{"start":{"line":30,"column":84},"end":{"line":30,"column":92}},"locations":[{"start":{"line":30,"column":84},"end":{"line":30,"column":92}}]},"9":{"type":"branch","line":48,"loc":{"start":{"line":48,"column":12},"end":{"line":52,"column":7}},"locations":[{"start":{"line":48,"column":12},"end":{"line":52,"column":7}}]},"10":{"type":"branch","line":50,"loc":{"start":{"line":50,"column":33},"end":{"line":50,"column":46}},"locations":[{"start":{"line":50,"column":33},"end":{"line":50,"column":46}}]},"11":{"type":"branch","line":59,"loc":{"start":{"line":59,"column":15},"end":{"line":59,"column":30}},"locations":[{"start":{"line":59,"column":15},"end":{"line":59,"column":30}}]}},"b":{"0":[208],"1":[104],"2":[105],"3":[105],"4":[0],"5":[100],"6":[0],"7":[5],"8":[100],"9":[103],"10":[0],"11":[102]},"fnMap":{"0":{"name":"today","decl":{"start":{"line":3,"column":14},"end":{"line":3,"column":31}},"loc":{"start":{"line":3,"column":14},"end":{"line":3,"column":31}},"line":3}},"f":{"0":208}}
,"D:\\Tensor\\frontend\\src\\schemas\\timetableSchemas.ts": {"path":"D:\\Tensor\\frontend\\src\\schemas\\timetableSchemas.ts","all":false,"statementMap":{"0":{"start":{"line":1,"column":0},"end":{"line":1,"column":24}},"2":{"start":{"line":3,"column":0},"end":{"line":3,"column":34}},"4":{"start":{"line":5,"column":0},"end":{"line":5,"column":37}},"5":{"start":{"line":6,"column":0},"end":{"line":6,"column":11}},"6":{"start":{"line":7,"column":0},"end":{"line":7,"column":54}},"7":{"start":{"line":8,"column":0},"end":{"line":8,"column":16}},"8":{"start":{"line":9,"column":0},"end":{"line":9,"column":56}},"9":{"start":{"line":10,"column":0},"end":{"line":10,"column":12}},"10":{"start":{"line":11,"column":0},"end":{"line":11,"column":39}},"11":{"start":{"line":12,"column":0},"end":{"line":12,"column":38}},"12":{"start":{"line":13,"column":0},"end":{"line":13,"column":16}},"13":{"start":{"line":14,"column":0},"end":{"line":14,"column":15}},"14":{"start":{"line":15,"column":0},"end":{"line":15,"column":62}},"15":{"start":{"line":16,"column":0},"end":{"line":16,"column":14}},"16":{"start":{"line":17,"column":0},"end":{"line":17,"column":15}},"17":{"start":{"line":18,"column":0},"end":{"line":18,"column":60}},"18":{"start":{"line":19,"column":0},"end":{"line":19,"column":4}},"19":{"start":{"line":20,"column":0},"end":{"line":20,"column":52}},"20":{"start":{"line":21,"column":0},"end":{"line":21,"column":49}},"21":{"start":{"line":22,"column":0},"end":{"line":22,"column":22}},"22":{"start":{"line":23,"column":0},"end":{"line":23,"column":5}}},"s":{"0":1,"2":1,"4":1,"5":1,"6":1,"7":1,"8":1,"9":1,"10":1,"11":1,"12":1,"13":1,"14":1,"15":1,"16":1,"17":1,"18":1,"19":1,"20":1,"21":1,"22":1},"branchMap":{"0":{"type":"branch","line":20,"loc":{"start":{"line":20,"column":10},"end":{"line":20,"column":51}},"locations":[{"start":{"line":20,"column":10},"end":{"line":20,"column":51}}]}},"b":{"0":[205]},"fnMap":{"0":{"name":"__vite_ssr_import_0__.z.object.refine.message","decl":{"start":{"line":20,"column":10},"end":{"line":20,"column":51}},"loc":{"start":{"line":20,"column":10},"end":{"line":20,"column":51}},"line":20}},"f":{"0":205}}
,"D:\\Tensor\\frontend\\src\\services\\apiClient.ts": {"path":"D:\\Tensor\\frontend\\src\\services\\apiClient.ts","all":false,"statementMap":{"0":{"start":{"line":1,"column":0},"end":{"line":1,"column":80}},"5":{"start":{"line":6,"column":0},"end":{"line":6,"column":39}},"6":{"start":{"line":7,"column":0},"end":{"line":7,"column":24}},"7":{"start":{"line":8,"column":0},"end":{"line":8,"column":50}},"8":{"start":{"line":9,"column":0},"end":{"line":9,"column":18}},"9":{"start":{"line":10,"column":0},"end":{"line":10,"column":3}},"12":{"start":{"line":13,"column":0},"end":{"line":13,"column":76}},"13":{"start":{"line":14,"column":0},"end":{"line":14,"column":27}},"14":{"start":{"line":15,"column":0},"end":{"line":15,"column":14}},"15":{"start":{"line":16,"column":0},"end":{"line":16,"column":53}},"16":{"start":{"line":17,"column":0},"end":{"line":17,"column":3}},"18":{"start":{"line":19,"column":0},"end":{"line":19,"column":34}},"19":{"start":{"line":20,"column":0},"end":{"line":20,"column":71}},"20":{"start":{"line":21,"column":0},"end":{"line":21,"column":3}},"21":{"start":{"line":22,"column":0},"end":{"line":22,"column":16}},"22":{"start":{"line":23,"column":0},"end":{"line":23,"column":3}},"25":{"start":{"line":26,"column":0},"end":{"line":26,"column":36}},"26":{"start":{"line":27,"column":0},"end":{"line":27,"column":17}},"27":{"start":{"line":28,"column":0},"end":{"line":28,"column":46}},"28":{"start":{"line":29,"column":0},"end":{"line":29,"column":20}},"29":{"start":{"line":30,"column":0},"end":{"line":30,"column":4}},"30":{"start":{"line":31,"column":0},"end":{"line":31,"column":26}},"31":{"start":{"line":32,"column":0},"end":{"line":32,"column":47}},"32":{"start":{"line":33,"column":0},"end":{"line":33,"column":77}},"33":{"start":{"line":34,"column":0},"end":{"line":34,"column":82}},"34":{"start":{"line":35,"column":0},"end":{"line":35,"column":50}},"36":{"start":{"line":37,"column":0},"end":{"line":37,"column":25}},"37":{"start":{"line":38,"column":0},"end":{"line":38,"column":21}},"38":{"start":{"line":39,"column":0},"end":{"line":39,"column":68}},"39":{"start":{"line":40,"column":0},"end":{"line":40,"column":5}},"41":{"start":{"line":42,"column":0},"end":{"line":42,"column":46}},"42":{"start":{"line":43,"column":0},"end":{"line":43,"column":3}},"43":{"start":{"line":44,"column":0},"end":{"line":44,"column":2}},"46":{"start":{"line":47,"column":0},"end":{"line":47,"column":69}},"48":{"start":{"line":49,"column":0},"end":{"line":49,"column":42}},"49":{"start":{"line":50,"column":0},"end":{"line":50,"column":52}},"50":{"start":{"line":51,"column":0},"end":{"line":51,"column":32}},"51":{"start":{"line":52,"column":0},"end":{"line":52,"column":73}},"52":{"start":{"line":53,"column":0},"end":{"line":53,"column":3}},"53":{"start":{"line":54,"column":0},"end":{"line":54,"column":38}},"54":{"start":{"line":55,"column":0},"end":{"line":55,"column":27}},"55":{"start":{"line":56,"column":0},"end":{"line":56,"column":63}},"56":{"start":{"line":57,"column":0},"end":{"line":57,"column":3}},"57":{"start":{"line":58,"column":0},"end":{"line":58,"column":32}},"58":{"start":{"line":59,"column":0},"end":{"line":59,"column":47}},"59":{"start":{"line":60,"column":0},"end":{"line":60,"column":80}},"60":{"start":{"line":61,"column":0},"end":{"line":61,"column":38}},"61":{"start":{"line":62,"column":0},"end":{"line":62,"column":5}},"62":{"start":{"line":63,"column":0},"end":{"line":63,"column":23}},"63":{"start":{"line":64,"column":0},"end":{"line":64,"column":3}},"64":{"start":{"line":65,"column":0},"end":{"line":65,"column":13}},"65":{"start":{"line":66,"column":0},"end":{"line":66,"column":1}},"67":{"start":{"line":68,"column":0},"end":{"line":68,"column":40}},"68":{"start":{"line":69,"column":0},"end":{"line":69,"column":14}},"69":{"start":{"line":70,"column":0},"end":{"line":70,"column":35}},"70":{"start":{"line":71,"column":0},"end":{"line":71,"column":22}},"71":{"start":{"line":72,"column":0},"end":{"line":72,"column":57}},"72":{"start":{"line":73,"column":0},"end":{"line":73,"column":40}},"75":{"start":{"line":76,"column":0},"end":{"line":76,"column":30}},"77":{"start":{"line":78,"column":0},"end":{"line":78,"column":45}},"78":{"start":{"line":79,"column":0},"end":{"line":79,"column":10}},"79":{"start":{"line":80,"column":0},"end":{"line":80,"column":16}},"80":{"start":{"line":81,"column":0},"end":{"line":81,"column":28}},"81":{"start":{"line":82,"column":0},"end":{"line":82,"column":26}},"82":{"start":{"line":83,"column":0},"end":{"line":83,"column":38}},"83":{"start":{"line":84,"column":0},"end":{"line":84,"column":28}},"84":{"start":{"line":85,"column":0},"end":{"line":85,"column":4}},"85":{"start":{"line":86,"column":0},"end":{"line":86,"column":1}},"87":{"start":{"line":88,"column":0},"end":{"line":88,"column":25}}},"s":{"0":1,"5":1,"6":1,"7":1,"8":1,"9":1,"12":1,"13":32,"14":32,"15":28,"16":28,"18":32,"19":0,"20":0,"21":32,"22":32,"25":1,"26":1,"27":20,"28":20,"29":20,"30":1,"31":12,"32":12,"33":12,"34":12,"36":12,"37":7,"38":7,"39":7,"41":12,"42":12,"43":1,"46":1,"48":1,"49":904,"50":904,"51":523,"52":523,"53":904,"54":904,"55":17,"56":17,"57":502,"58":240,"59":240,"60":661,"61":661,"62":240,"63":240,"64":123,"65":123,"67":6,"68":6,"69":6,"70":6,"71":6,"72":6,"75":6,"77":5,"78":5,"79":5,"80":5,"81":5,"82":5,"83":5,"84":5,"85":5,"87":1},"branchMap":{"0":{"type":"branch","line":13,"loc":{"start":{"line":13,"column":35},"end":{"line":23,"column":3}},"locations":[{"start":{"line":13,"column":35},"end":{"line":23,"column":3}}]},"1":{"type":"branch","line":15,"loc":{"start":{"line":15,"column":13},"end":{"line":17,"column":3}},"locations":[{"start":{"line":15,"column":13},"end":{"line":17,"column":3}}]},"2":{"type":"branch","line":19,"loc":{"start":{"line":19,"column":33},"end":{"line":21,"column":3}},"locations":[{"start":{"line":19,"column":33},"end":{"line":21,"column":3}}]},"3":{"type":"branch","line":27,"loc":{"start":{"line":27,"column":2},"end":{"line":30,"column":4}},"locations":[{"start":{"line":27,"column":2},"end":{"line":30,"column":4}}]},"4":{"type":"branch","line":31,"loc":{"start":{"line":31,"column":2},"end":{"line":43,"column":3}},"locations":[{"start":{"line":31,"column":2},"end":{"line":43,"column":3}}]},"5":{"type":"branch","line":32,"loc":{"start":{"line":32,"column":25},"end":{"line":32,"column":45}},"locations":[{"start":{"line":32,"column":25},"end":{"line":32,"column":45}}]},"6":{"type":"branch","line":32,"loc":{"start":{"line":32,"column":35},"end":{"line":32,"column":47}},"locations":[{"start":{"line":32,"column":35},"end":{"line":32,"column":47}}]},"7":{"type":"branch","line":33,"loc":{"start":{"line":33,"column":23},"end":{"line":33,"column":77}},"locations":[{"start":{"line":33,"column":23},"end":{"line":33,"column":77}}]},"8":{"type":"branch","line":34,"loc":{"start":{"line":34,"column":21},"end":{"line":34,"column":49}},"locations":[{"start":{"line":34,"column":21},"end":{"line":34,"column":49}}]},"9":{"type":"branch","line":34,"loc":{"start":{"line":34,"column":27},"end":{"line":34,"column":66}},"locations":[{"start":{"line":34,"column":27},"end":{"line":34,"column":66}}]},"10":{"type":"branch","line":34,"loc":{"start":{"line":34,"column":55},"end":{"line":34,"column":82}},"locations":[{"start":{"line":34,"column":55},"end":{"line":34,"column":82}}]},"11":{"type":"branch","line":35,"loc":{"start":{"line":35,"column":17},"end":{"line":35,"column":50}},"locations":[{"start":{"line":35,"column":17},"end":{"line":35,"column":50}}]},"12":{"type":"branch","line":37,"loc":{"start":{"line":37,"column":24},"end":{"line":40,"column":5}},"locations":[{"start":{"line":37,"column":24},"end":{"line":40,"column":5}}]},"13":{"type":"branch","line":49,"loc":{"start":{"line":49,"column":7},"end":{"line":66,"column":1}},"locations":[{"start":{"line":49,"column":7},"end":{"line":66,"column":1}}]},"14":{"type":"branch","line":50,"loc":{"start":{"line":50,"column":14},"end":{"line":50,"column":41}},"locations":[{"start":{"line":50,"column":14},"end":{"line":50,"column":41}}]},"15":{"type":"branch","line":50,"loc":{"start":{"line":50,"column":41},"end":{"line":50,"column":52}},"locations":[{"start":{"line":50,"column":41},"end":{"line":50,"column":52}}]},"16":{"type":"branch","line":50,"loc":{"start":{"line":50,"column":48},"end":{"line":51,"column":31}},"locations":[{"start":{"line":50,"column":48},"end":{"line":51,"column":31}}]},"17":{"type":"branch","line":51,"loc":{"start":{"line":51,"column":31},"end":{"line":54,"column":34}},"locations":[{"start":{"line":51,"column":31},"end":{"line":54,"column":34}}]},"18":{"type":"branch","line":51,"loc":{"start":{"line":51,"column":31},"end":{"line":53,"column":3}},"locations":[{"start":{"line":51,"column":31},"end":{"line":53,"column":3}}]},"19":{"type":"branch","line":52,"loc":{"start":{"line":52,"column":32},"end":{"line":52,"column":52}},"locations":[{"start":{"line":52,"column":32},"end":{"line":52,"column":52}}]},"20":{"type":"branch","line":52,"loc":{"start":{"line":52,"column":48},"end":{"line":52,"column":73}},"locations":[{"start":{"line":52,"column":48},"end":{"line":52,"column":73}}]},"21":{"type":"branch","line":53,"loc":{"start":{"line":53,"column":2},"end":{"line":54,"column":34}},"locations":[{"start":{"line":53,"column":2},"end":{"line":54,"column":34}}]},"22":{"type":"branch","line":54,"loc":{"start":{"line":54,"column":27},"end":{"line":54,"column":38}},"locations":[{"start":{"line":54,"column":27},"end":{"line":54,"column":38}}]},"23":{"type":"branch","line":54,"loc":{"start":{"line":54,"column":34},"end":{"line":55,"column":26}},"locations":[{"start":{"line":54,"column":34},"end":{"line":55,"column":26}}]},"24":{"type":"branch","line":55,"loc":{"start":{"line":55,"column":26},"end":{"line":57,"column":3}},"locations":[{"start":{"line":55,"column":26},"end":{"line":57,"column":3}}]},"25":{"type":"branch","line":57,"loc":{"start":{"line":57,"column":2},"end":{"line":64,"column":3}},"locations":[{"start":{"line":57,"column":2},"end":{"line":64,"column":3}}]},"26":{"type":"branch","line":57,"loc":{"start":{"line":57,"column":2},"end":{"line":58,"column":31}},"locations":[{"start":{"line":57,"column":2},"end":{"line":58,"column":31}}]},"27":{"type":"branch","line":58,"loc":{"start":{"line":58,"column":31},"end":{"line":64,"column":3}},"locations":[{"start":{"line":58,"column":31},"end":{"line":64,"column":3}}]},"28":{"type":"branch","line":60,"loc":{"start":{"line":60,"column":79},"end":{"line":62,"column":5}},"locations":[{"start":{"line":60,"column":79},"end":{"line":62,"column":5}}]},"29":{"type":"branch","line":64,"loc":{"start":{"line":64,"column":2},"end":{"line":66,"column":1}},"locations":[{"start":{"line":64,"column":2},"end":{"line":66,"column":1}}]},"30":{"type":"branch","line":56,"loc":{"start":{"line":56,"column":19},"end":{"line":56,"column":45}},"locations":[{"start":{"line":56,"column":19},"end":{"line":56,"column":45}}]},"31":{"type":"branch","line":68,"loc":{"start":{"line":68,"column":0},"end":{"line":86,"column":1}},"locations":[{"start":{"line":68,"column":0},"end":{"line":86,"column":1}}]},"32":{"type":"branch","line":76,"loc":{"start":{"line":76,"column":28},"end":{"line":86,"column":1}},"locations":[{"start":{"line":76,"column":28},"end":{"line":86,"column":1}}]}},"b":{"0":[32],"1":[28],"2":[0],"3":[20],"4":[12],"5":[11],"6":[1],"7":[11],"8":[11],"9":[1],"10":[0],"11":[11],"12":[7],"13":[904],"14":[903],"15":[1],"16":[903],"17":[902],"18":[523],"19":[316],"20":[207],"21":[380],"22":[0],"23":[380],"24":[17],"25":[502],"26":[363],"27":[240],"28":[661],"29":[123],"30":[23],"31":[6],"32":[5]},"fnMap":{"0":{"name":"apiClient.interceptors.response.use.status","decl":{"start":{"line":27,"column":2},"end":{"line":30,"column":4}},"loc":{"start":{"line":27,"column":2},"end":{"line":30,"column":4}},"line":27},"1":{"name":"parseDates","decl":{"start":{"line":49,"column":7},"end":{"line":66,"column":1}},"loc":{"start":{"line":49,"column":7},"end":{"line":66,"column":1}},"line":49},"2":{"name":"fetchPaginated","decl":{"start":{"line":68,"column":0},"end":{"line":86,"column":1}},"loc":{"start":{"line":68,"column":0},"end":{"line":86,"column":1}},"line":68}},"f":{"0":20,"1":904,"2":6}}
,"D:\\Tensor\\frontend\\src\\services\\authService.ts": {"path":"D:\\Tensor\\frontend\\src\\services\\authService.ts","all":false,"statementMap":{"2":{"start":{"line":3,"column":0},"end":{"line":3,"column":31}},"3":{"start":{"line":4,"column":0},"end":{"line":4,"column":52}},"5":{"start":{"line":6,"column":0},"end":{"line":6,"column":49}},"6":{"start":{"line":7,"column":0},"end":{"line":7,"column":43}},"7":{"start":{"line":8,"column":0},"end":{"line":8,"column":1}},"9":{"start":{"line":10,"column":0},"end":{"line":10,"column":43}},"10":{"start":{"line":11,"column":0},"end":{"line":11,"column":43}},"11":{"start":{"line":12,"column":0},"end":{"line":12,"column":1}},"13":{"start":{"line":14,"column":0},"end":{"line":14,"column":38}},"14":{"start":{"line":15,"column":0},"end":{"line":15,"column":25}},"15":{"start":{"line":16,"column":0},"end":{"line":16,"column":1}},"17":{"start":{"line":18,"column":0},"end":{"line":18,"column":65}},"18":{"start":{"line":19,"column":0},"end":{"line":19,"column":7}},"19":{"start":{"line":20,"column":0},"end":{"line":20,"column":35}},"20":{"start":{"line":21,"column":0},"end":{"line":21,"column":40}},"21":{"start":{"line":22,"column":0},"end":{"line":22,"column":29}},"23":{"start":{"line":24,"column":0},"end":{"line":24,"column":65}},"24":{"start":{"line":25,"column":0},"end":{"line":25,"column":85}},"25":{"start":{"line":26,"column":0},"end":{"line":26,"column":56}},"26":{"start":{"line":27,"column":0},"end":{"line":27,"column":8}},"27":{"start":{"line":28,"column":0},"end":{"line":28,"column":36}},"28":{"start":{"line":29,"column":0},"end":{"line":29,"column":25}},"29":{"start":{"line":30,"column":0},"end":{"line":30,"column":31}},"30":{"start":{"line":31,"column":0},"end":{"line":31,"column":29}},"31":{"start":{"line":32,"column":0},"end":{"line":32,"column":28}},"32":{"start":{"line":33,"column":0},"end":{"line":33,"column":25}},"33":{"start":{"line":34,"column":0},"end":{"line":34,"column":7}},"34":{"start":{"line":35,"column":0},"end":{"line":35,"column":18}},"35":{"start":{"line":36,"column":0},"end":{"line":36,"column":5}},"36":{"start":{"line":37,"column":0},"end":{"line":37,"column":35}},"37":{"start":{"line":38,"column":0},"end":{"line":38,"column":11}},"38":{"start":{"line":39,"column":0},"end":{"line":39,"column":16}},"39":{"start":{"line":40,"column":0},"end":{"line":40,"column":3}},"40":{"start":{"line":41,"column":0},"end":{"line":41,"column":1}},"42":{"start":{"line":43,"column":0},"end":{"line":43,"column":51}},"43":{"start":{"line":44,"column":0},"end":{"line":44,"column":37}},"44":{"start":{"line":45,"column":0},"end":{"line":45,"column":28}},"45":{"start":{"line":46,"column":0},"end":{"line":46,"column":42}},"46":{"start":{"line":47,"column":0},"end":{"line":47,"column":1}},"48":{"start":{"line":49,"column":0},"end":{"line":49,"column":54}},"49":{"start":{"line":50,"column":0},"end":{"line":50,"column":37}},"50":{"start":{"line":51,"column":0},"end":{"line":51,"column":28}},"51":{"start":{"line":52,"column":0},"end":{"line":52,"column":61}},"52":{"start":{"line":53,"column":0},"end":{"line":53,"column":1}}},"s":{"2":1,"3":1,"5":1,"6":114,"7":114,"9":1,"10":73,"11":73,"13":1,"14":28,"15":28,"17":1,"18":341,"19":341,"20":341,"21":250,"23":250,"24":250,"25":250,"26":250,"27":250,"28":135,"29":135,"30":134,"31":134,"32":134,"33":341,"34":1,"35":1,"36":134,"37":341,"38":115,"39":115,"40":341,"42":1,"43":3,"44":3,"45":2,"46":2,"48":1,"49":3,"50":3,"51":2,"52":2},"branchMap":{"0":{"type":"branch","line":6,"loc":{"start":{"line":6,"column":7},"end":{"line":8,"column":1}},"locations":[{"start":{"line":6,"column":7},"end":{"line":8,"column":1}}]},"1":{"type":"branch","line":10,"loc":{"start":{"line":10,"column":7},"end":{"line":12,"column":1}},"locations":[{"start":{"line":10,"column":7},"end":{"line":12,"column":1}}]},"2":{"type":"branch","line":14,"loc":{"start":{"line":14,"column":7},"end":{"line":16,"column":1}},"locations":[{"start":{"line":14,"column":7},"end":{"line":16,"column":1}}]},"3":{"type":"branch","line":18,"loc":{"start":{"line":18,"column":7},"end":{"line":41,"column":1}},"locations":[{"start":{"line":18,"column":7},"end":{"line":41,"column":1}}]},"4":{"type":"branch","line":21,"loc":{"start":{"line":21,"column":28},"end":{"line":21,"column":40}},"locations":[{"start":{"line":21,"column":28},"end":{"line":21,"column":40}}]},"5":{"type":"branch","line":21,"loc":{"start":{"line":21,"column":35},"end":{"line":28,"column":36}},"locations":[{"start":{"line":21,"column":35},"end":{"line":28,"column":36}}]},"6":{"type":"branch","line":28,"loc":{"start":{"line":28,"column":25},"end":{"line":29,"column":25}},"locations":[{"start":{"line":28,"column":25},"end":{"line":29,"column":25}}]},"7":{"type":"branch","line":29,"loc":{"start":{"line":29,"column":18},"end":{"line":30,"column":31}},"locations":[{"start":{"line":29,"column":18},"end":{"line":30,"column":31}}]},"8":{"type":"branch","line":30,"loc":{"start":{"line":30,"column":20},"end":{"line":31,"column":29}},"locations":[{"start":{"line":30,"column":20},"end":{"line":31,"column":29}}]},"9":{"type":"branch","line":31,"loc":{"start":{"line":31,"column":18},"end":{"line":32,"column":28}},"locations":[{"start":{"line":31,"column":18},"end":{"line":32,"column":28}}]},"10":{"type":"branch","line":32,"loc":{"start":{"line":32,"column":17},"end":{"line":33,"column":25}},"locations":[{"start":{"line":32,"column":17},"end":{"line":33,"column":25}}]},"11":{"type":"branch","line":34,"loc":{"start":{"line":34,"column":6},"end":{"line":36,"column":5}},"locations":[{"start":{"line":34,"column":6},"end":{"line":36,"column":5}}]},"12":{"type":"branch","line":36,"loc":{"start":{"line":36,"column":4},"end":{"line":38,"column":10}},"locations":[{"start":{"line":36,"column":4},"end":{"line":38,"column":10}}]},"13":{"type":"branch","line":38,"loc":{"start":{"line":38,"column":2},"end":{"line":40,"column":3}},"locations":[{"start":{"line":38,"column":2},"end":{"line":40,"column":3}}]},"14":{"type":"branch","line":43,"loc":{"start":{"line":43,"column":7},"end":{"line":47,"column":1}},"locations":[{"start":{"line":43,"column":7},"end":{"line":47,"column":1}}]},"15":{"type":"branch","line":45,"loc":{"start":{"line":45,"column":16},"end":{"line":45,"column":28}},"locations":[{"start":{"line":45,"column":16},"end":{"line":45,"column":28}}]},"16":{"type":"branch","line":45,"loc":{"start":{"line":45,"column":23},"end":{"line":47,"column":1}},"locations":[{"start":{"line":45,"column":23},"end":{"line":47,"column":1}}]},"17":{"type":"branch","line":49,"loc":{"start":{"line":49,"column":7},"end":{"line":53,"column":1}},"locations":[{"start":{"line":49,"column":7},"end":{"line":53,"column":1}}]},"18":{"type":"branch","line":51,"loc":{"start":{"line":51,"column":16},"end":{"line":51,"column":28}},"locations":[{"start":{"line":51,"column":16},"end":{"line":51,"column":28}}]},"19":{"type":"branch","line":51,"loc":{"start":{"line":51,"column":23},"end":{"line":53,"column":1}},"locations":[{"start":{"line":51,"column":23},"end":{"line":53,"column":1}}]}},"b":{"0":[114],"1":[73],"2":[28],"3":[341],"4":[91],"5":[250],"6":[135],"7":[135],"8":[134],"9":[134],"10":[134],"11":[1],"12":[134],"13":[115],"14":[3],"15":[1],"16":[2],"17":[3],"18":[1],"19":[2]},"fnMap":{"0":{"name":"storeToken","decl":{"start":{"line":6,"column":7},"end":{"line":8,"column":1}},"loc":{"start":{"line":6,"column":7},"end":{"line":8,"column":1}},"line":6},"1":{"name":"getToken","decl":{"start":{"line":10,"column":7},"end":{"line":12,"column":1}},"loc":{"start":{"line":10,"column":7},"end":{"line":12,"column":1}},"line":10},"2":{"name":"clearSession","decl":{"start":{"line":14,"column":7},"end":{"line":16,"column":1}},"loc":{"start":{"line":14,"column":7},"end":{"line":16,"column":1}},"line":14},"3":{"name":"decodeToken","decl":{"start":{"line":18,"column":7},"end":{"line":41,"column":1}},"loc":{"start":{"line":18,"column":7},"end":{"line":41,"column":1}},"line":18},"4":{"name":"isExpired","decl":{"start":{"line":43,"column":7},"end":{"line":47,"column":1}},"loc":{"start":{"line":43,"column":7},"end":{"line":47,"column":1}},"line":43},"5":{"name":"isNearExpiry","decl":{"start":{"line":49,"column":7},"end":{"line":53,"column":1}},"loc":{"start":{"line":49,"column":7},"end":{"line":53,"column":1}},"line":49}},"f":{"0":114,"1":73,"2":28,"3":341,"4":3,"5":3}}
,"D:\\Tensor\\frontend\\src\\services\\prettyPrinter.ts": {"path":"D:\\Tensor\\frontend\\src\\services\\prettyPrinter.ts","all":false,"statementMap":{"0":{"start":{"line":1,"column":0},"end":{"line":1,"column":41}},"2":{"start":{"line":3,"column":0},"end":{"line":3,"column":36}},"3":{"start":{"line":4,"column":0},"end":{"line":4,"column":32}},"8":{"start":{"line":9,"column":0},"end":{"line":9,"column":48}},"9":{"start":{"line":10,"column":0},"end":{"line":10,"column":38}},"10":{"start":{"line":11,"column":0},"end":{"line":11,"column":1}},"15":{"start":{"line":16,"column":0},"end":{"line":16,"column":47}},"16":{"start":{"line":17,"column":0},"end":{"line":17,"column":34}},"17":{"start":{"line":18,"column":0},"end":{"line":18,"column":1}},"22":{"start":{"line":23,"column":0},"end":{"line":23,"column":46}},"23":{"start":{"line":24,"column":0},"end":{"line":24,"column":48}},"24":{"start":{"line":25,"column":0},"end":{"line":25,"column":1}},"29":{"start":{"line":30,"column":0},"end":{"line":30,"column":74}},"30":{"start":{"line":31,"column":0},"end":{"line":31,"column":40}},"31":{"start":{"line":32,"column":0},"end":{"line":32,"column":29}},"32":{"start":{"line":33,"column":0},"end":{"line":33,"column":29}},"33":{"start":{"line":34,"column":0},"end":{"line":34,"column":20}},"34":{"start":{"line":35,"column":0},"end":{"line":35,"column":1}},"40":{"start":{"line":41,"column":0},"end":{"line":41,"column":52}},"42":{"start":{"line":43,"column":0},"end":{"line":43,"column":45}},"43":{"start":{"line":44,"column":0},"end":{"line":44,"column":29}},"44":{"start":{"line":45,"column":0},"end":{"line":45,"column":1}}},"s":{"0":1,"2":1,"3":1,"8":1,"9":303,"10":303,"15":1,"16":0,"17":0,"22":1,"23":100,"24":100,"29":1,"30":217,"31":217,"32":217,"33":217,"34":217,"40":1,"42":100,"43":100,"44":100},"branchMap":{"0":{"type":"branch","line":9,"loc":{"start":{"line":9,"column":7},"end":{"line":11,"column":1}},"locations":[{"start":{"line":9,"column":7},"end":{"line":11,"column":1}}]},"1":{"type":"branch","line":23,"loc":{"start":{"line":23,"column":7},"end":{"line":25,"column":1}},"locations":[{"start":{"line":23,"column":7},"end":{"line":25,"column":1}}]},"2":{"type":"branch","line":30,"loc":{"start":{"line":30,"column":7},"end":{"line":35,"column":1}},"locations":[{"start":{"line":30,"column":7},"end":{"line":35,"column":1}}]},"3":{"type":"branch","line":41,"loc":{"start":{"line":41,"column":7},"end":{"line":45,"column":1}},"locations":[{"start":{"line":41,"column":7},"end":{"line":45,"column":1}}]}},"b":{"0":[303],"1":[100],"2":[217],"3":[100]},"fnMap":{"0":{"name":"formatDate","decl":{"start":{"line":9,"column":7},"end":{"line":11,"column":1}},"loc":{"start":{"line":9,"column":7},"end":{"line":11,"column":1}},"line":9},"1":{"name":"toApiDate","decl":{"start":{"line":16,"column":7},"end":{"line":18,"column":1}},"loc":{"start":{"line":16,"column":7},"end":{"line":18,"column":1}},"line":16},"2":{"name":"parseDate","decl":{"start":{"line":23,"column":7},"end":{"line":25,"column":1}},"loc":{"start":{"line":23,"column":7},"end":{"line":25,"column":1}},"line":23},"3":{"name":"formatCurrency","decl":{"start":{"line":30,"column":7},"end":{"line":35,"column":1}},"loc":{"start":{"line":30,"column":7},"end":{"line":35,"column":1}},"line":30},"4":{"name":"parseCurrency","decl":{"start":{"line":41,"column":7},"end":{"line":45,"column":1}},"loc":{"start":{"line":41,"column":7},"end":{"line":45,"column":1}},"line":41}},"f":{"0":303,"1":0,"2":100,"3":217,"4":100}}
,"D:\\Tensor\\frontend\\src\\theme\\components.ts": {"path":"D:\\Tensor\\frontend\\src\\theme\\components.ts","all":false,"statementMap":{"0":{"start":{"line":1,"column":0},"end":{"line":1,"column":40}},"6":{"start":{"line":7,"column":0},"end":{"line":7,"column":46}},"7":{"start":{"line":8,"column":0},"end":{"line":8,"column":14}},"8":{"start":{"line":9,"column":0},"end":{"line":9,"column":21}},"9":{"start":{"line":10,"column":0},"end":{"line":10,"column":13}},"10":{"start":{"line":11,"column":0},"end":{"line":11,"column":25}},"11":{"start":{"line":12,"column":0},"end":{"line":12,"column":30}},"12":{"start":{"line":13,"column":0},"end":{"line":13,"column":88}},"13":{"start":{"line":14,"column":0},"end":{"line":14,"column":8}},"14":{"start":{"line":15,"column":0},"end":{"line":15,"column":6}},"15":{"start":{"line":16,"column":0},"end":{"line":16,"column":4}},"16":{"start":{"line":17,"column":0},"end":{"line":17,"column":17}},"17":{"start":{"line":18,"column":0},"end":{"line":18,"column":19}},"18":{"start":{"line":19,"column":0},"end":{"line":19,"column":26}},"19":{"start":{"line":20,"column":0},"end":{"line":20,"column":6}},"20":{"start":{"line":21,"column":0},"end":{"line":21,"column":4}},"21":{"start":{"line":22,"column":0},"end":{"line":22,"column":12}},"22":{"start":{"line":23,"column":0},"end":{"line":23,"column":21}},"23":{"start":{"line":24,"column":0},"end":{"line":24,"column":13}},"24":{"start":{"line":25,"column":0},"end":{"line":25,"column":25}},"25":{"start":{"line":26,"column":0},"end":{"line":26,"column":26}},"26":{"start":{"line":27,"column":0},"end":{"line":27,"column":8}},"27":{"start":{"line":28,"column":0},"end":{"line":28,"column":6}},"28":{"start":{"line":29,"column":0},"end":{"line":29,"column":4}},"29":{"start":{"line":30,"column":0},"end":{"line":30,"column":14}},"30":{"start":{"line":31,"column":0},"end":{"line":31,"column":21}},"31":{"start":{"line":32,"column":0},"end":{"line":32,"column":14}},"32":{"start":{"line":33,"column":0},"end":{"line":33,"column":25}},"33":{"start":{"line":34,"column":0},"end":{"line":34,"column":8}},"34":{"start":{"line":35,"column":0},"end":{"line":35,"column":6}},"35":{"start":{"line":36,"column":0},"end":{"line":36,"column":4}},"36":{"start":{"line":37,"column":0},"end":{"line":37,"column":16}},"37":{"start":{"line":38,"column":0},"end":{"line":38,"column":21}},"38":{"start":{"line":39,"column":0},"end":{"line":39,"column":13}},"39":{"start":{"line":40,"column":0},"end":{"line":40,"column":24}},"40":{"start":{"line":41,"column":0},"end":{"line":41,"column":8}},"41":{"start":{"line":42,"column":0},"end":{"line":42,"column":6}},"42":{"start":{"line":43,"column":0},"end":{"line":43,"column":4}},"43":{"start":{"line":44,"column":0},"end":{"line":44,"column":12}},"44":{"start":{"line":45,"column":0},"end":{"line":45,"column":21}},"45":{"start":{"line":46,"column":0},"end":{"line":46,"column":18}},"46":{"start":{"line":47,"column":0},"end":{"line":47,"column":18}},"47":{"start":{"line":48,"column":0},"end":{"line":48,"column":36}},"48":{"start":{"line":49,"column":0},"end":{"line":49,"column":8}},"49":{"start":{"line":50,"column":0},"end":{"line":50,"column":6}},"50":{"start":{"line":51,"column":0},"end":{"line":51,"column":4}},"51":{"start":{"line":52,"column":0},"end":{"line":52,"column":16}},"52":{"start":{"line":53,"column":0},"end":{"line":53,"column":19}},"53":{"start":{"line":54,"column":0},"end":{"line":54,"column":21}},"54":{"start":{"line":55,"column":0},"end":{"line":55,"column":6}},"55":{"start":{"line":56,"column":0},"end":{"line":56,"column":4}},"56":{"start":{"line":57,"column":0},"end":{"line":57,"column":2}}},"s":{"0":1,"6":1,"7":1,"8":1,"9":1,"10":1,"11":1,"12":1,"13":1,"14":1,"15":1,"16":1,"17":1,"18":1,"19":1,"20":1,"21":1,"22":1,"23":1,"24":1,"25":1,"26":1,"27":1,"28":1,"29":1,"30":1,"31":1,"32":1,"33":1,"34":1,"35":1,"36":1,"37":1,"38":1,"39":1,"40":1,"41":1,"42":1,"43":1,"44":1,"45":1,"46":1,"47":1,"48":1,"49":1,"50":1,"51":1,"52":1,"53":1,"54":1,"55":1,"56":1},"branchMap":{},"b":{},"fnMap":{},"f":{}}
,"D:\\Tensor\\frontend\\src\\theme\\index.ts": {"path":"D:\\Tensor\\frontend\\src\\theme\\index.ts","all":false,"statementMap":{"0":{"start":{"line":1,"column":0},"end":{"line":1,"column":31}},"8":{"start":{"line":9,"column":0},"end":{"line":9,"column":34}},"9":{"start":{"line":10,"column":0},"end":{"line":10,"column":17}},"10":{"start":{"line":11,"column":0},"end":{"line":11,"column":12}},"11":{"start":{"line":12,"column":0},"end":{"line":12,"column":16}},"12":{"start":{"line":13,"column":0},"end":{"line":13,"column":18}},"13":{"start":{"line":14,"column":0},"end":{"line":14,"column":42}},"14":{"start":{"line":15,"column":0},"end":{"line":15,"column":52}},"15":{"start":{"line":16,"column":0},"end":{"line":16,"column":10}},"16":{"start":{"line":17,"column":0},"end":{"line":17,"column":20}},"17":{"start":{"line":18,"column":0},"end":{"line":18,"column":44}},"18":{"start":{"line":19,"column":0},"end":{"line":19,"column":54}},"19":{"start":{"line":20,"column":0},"end":{"line":20,"column":10}},"20":{"start":{"line":21,"column":0},"end":{"line":21,"column":16}},"21":{"start":{"line":22,"column":0},"end":{"line":22,"column":40}},"22":{"start":{"line":23,"column":0},"end":{"line":23,"column":50}},"23":{"start":{"line":24,"column":0},"end":{"line":24,"column":10}},"24":{"start":{"line":25,"column":0},"end":{"line":25,"column":21}},"25":{"start":{"line":26,"column":0},"end":{"line":26,"column":48}},"26":{"start":{"line":27,"column":0},"end":{"line":27,"column":43}},"27":{"start":{"line":28,"column":0},"end":{"line":28,"column":10}},"28":{"start":{"line":29,"column":0},"end":{"line":29,"column":15}},"29":{"start":{"line":30,"column":0},"end":{"line":30,"column":50}},"30":{"start":{"line":31,"column":0},"end":{"line":31,"column":56}},"31":{"start":{"line":32,"column":0},"end":{"line":32,"column":10}},"32":{"start":{"line":33,"column":0},"end":{"line":33,"column":8}},"33":{"start":{"line":34,"column":0},"end":{"line":34,"column":6}},"34":{"start":{"line":35,"column":0},"end":{"line":35,"column":11}},"35":{"start":{"line":36,"column":0},"end":{"line":36,"column":16}},"36":{"start":{"line":37,"column":0},"end":{"line":37,"column":18}},"37":{"start":{"line":38,"column":0},"end":{"line":38,"column":41}},"38":{"start":{"line":39,"column":0},"end":{"line":39,"column":51}},"39":{"start":{"line":40,"column":0},"end":{"line":40,"column":10}},"40":{"start":{"line":41,"column":0},"end":{"line":41,"column":20}},"41":{"start":{"line":42,"column":0},"end":{"line":42,"column":43}},"42":{"start":{"line":43,"column":0},"end":{"line":43,"column":53}},"43":{"start":{"line":44,"column":0},"end":{"line":44,"column":10}},"44":{"start":{"line":45,"column":0},"end":{"line":45,"column":16}},"45":{"start":{"line":46,"column":0},"end":{"line":46,"column":39}},"46":{"start":{"line":47,"column":0},"end":{"line":47,"column":49}},"47":{"start":{"line":48,"column":0},"end":{"line":48,"column":10}},"48":{"start":{"line":49,"column":0},"end":{"line":49,"column":21}},"49":{"start":{"line":50,"column":0},"end":{"line":50,"column":47}},"50":{"start":{"line":51,"column":0},"end":{"line":51,"column":42}},"51":{"start":{"line":52,"column":0},"end":{"line":52,"column":10}},"52":{"start":{"line":53,"column":0},"end":{"line":53,"column":15}},"53":{"start":{"line":54,"column":0},"end":{"line":54,"column":49}},"54":{"start":{"line":55,"column":0},"end":{"line":55,"column":55}},"55":{"start":{"line":56,"column":0},"end":{"line":56,"column":10}},"56":{"start":{"line":57,"column":0},"end":{"line":57,"column":8}},"57":{"start":{"line":58,"column":0},"end":{"line":58,"column":6}},"58":{"start":{"line":59,"column":0},"end":{"line":59,"column":4}},"59":{"start":{"line":60,"column":0},"end":{"line":60,"column":13}},"60":{"start":{"line":61,"column":0},"end":{"line":61,"column":10}},"61":{"start":{"line":62,"column":0},"end":{"line":62,"column":21}},"62":{"start":{"line":63,"column":0},"end":{"line":63,"column":4}},"63":{"start":{"line":64,"column":0},"end":{"line":64,"column":15}},"64":{"start":{"line":65,"column":0},"end":{"line":65,"column":61}},"65":{"start":{"line":66,"column":0},"end":{"line":66,"column":37}},"66":{"start":{"line":67,"column":0},"end":{"line":67,"column":39}},"67":{"start":{"line":68,"column":0},"end":{"line":68,"column":35}},"68":{"start":{"line":69,"column":0},"end":{"line":69,"column":36}},"69":{"start":{"line":70,"column":0},"end":{"line":70,"column":37}},"70":{"start":{"line":71,"column":0},"end":{"line":71,"column":38}},"71":{"start":{"line":72,"column":0},"end":{"line":72,"column":39}},"72":{"start":{"line":73,"column":0},"end":{"line":73,"column":4}},"73":{"start":{"line":74,"column":0},"end":{"line":74,"column":16}},"74":{"start":{"line":75,"column":0},"end":{"line":75,"column":15}},"75":{"start":{"line":76,"column":0},"end":{"line":76,"column":53}},"76":{"start":{"line":77,"column":0},"end":{"line":77,"column":50}},"77":{"start":{"line":78,"column":0},"end":{"line":78,"column":54}},"78":{"start":{"line":79,"column":0},"end":{"line":79,"column":51}},"79":{"start":{"line":80,"column":0},"end":{"line":80,"column":6}},"80":{"start":{"line":81,"column":0},"end":{"line":81,"column":4}},"81":{"start":{"line":82,"column":0},"end":{"line":82,"column":13}},"82":{"start":{"line":83,"column":0},"end":{"line":83,"column":3}}},"s":{"0":1,"8":1,"9":1,"10":1,"11":1,"12":1,"13":1,"14":1,"15":1,"16":1,"17":1,"18":1,"19":1,"20":1,"21":1,"22":1,"23":1,"24":1,"25":1,"26":1,"27":1,"28":1,"29":1,"30":1,"31":1,"32":1,"33":1,"34":1,"35":1,"36":1,"37":1,"38":1,"39":1,"40":1,"41":1,"42":1,"43":1,"44":1,"45":1,"46":1,"47":1,"48":1,"49":1,"50":1,"51":1,"52":1,"53":1,"54":1,"55":1,"56":1,"57":1,"58":1,"59":1,"60":1,"61":1,"62":1,"63":1,"64":1,"65":1,"66":1,"67":1,"68":1,"69":1,"70":1,"71":1,"72":1,"73":1,"74":1,"75":1,"76":1,"77":1,"78":1,"79":1,"80":1,"81":1,"82":1},"branchMap":{},"b":{},"fnMap":{},"f":{}}
,"D:\\Tensor\\frontend\\src\\theme\\tokens.ts": {"path":"D:\\Tensor\\frontend\\src\\theme\\tokens.ts","all":false,"statementMap":{"3":{"start":{"line":4,"column":0},"end":{"line":4,"column":28}},"4":{"start":{"line":5,"column":0},"end":{"line":5,"column":10}},"5":{"start":{"line":6,"column":0},"end":{"line":6,"column":105}},"6":{"start":{"line":7,"column":0},"end":{"line":7,"column":113}},"7":{"start":{"line":8,"column":0},"end":{"line":8,"column":109}},"8":{"start":{"line":9,"column":0},"end":{"line":9,"column":97}},"9":{"start":{"line":10,"column":0},"end":{"line":10,"column":101}},"10":{"start":{"line":11,"column":0},"end":{"line":11,"column":98}},"11":{"start":{"line":12,"column":0},"end":{"line":12,"column":4}},"12":{"start":{"line":13,"column":0},"end":{"line":13,"column":9}},"13":{"start":{"line":14,"column":0},"end":{"line":14,"column":105}},"14":{"start":{"line":15,"column":0},"end":{"line":15,"column":113}},"15":{"start":{"line":16,"column":0},"end":{"line":16,"column":109}},"16":{"start":{"line":17,"column":0},"end":{"line":17,"column":97}},"17":{"start":{"line":18,"column":0},"end":{"line":18,"column":101}},"18":{"start":{"line":19,"column":0},"end":{"line":19,"column":98}},"19":{"start":{"line":20,"column":0},"end":{"line":20,"column":4}},"20":{"start":{"line":21,"column":0},"end":{"line":21,"column":11}},"22":{"start":{"line":23,"column":0},"end":{"line":23,"column":72}},"24":{"start":{"line":25,"column":0},"end":{"line":25,"column":32}},"25":{"start":{"line":26,"column":0},"end":{"line":26,"column":12}},"26":{"start":{"line":27,"column":0},"end":{"line":27,"column":69}},"27":{"start":{"line":28,"column":0},"end":{"line":28,"column":69}},"28":{"start":{"line":29,"column":0},"end":{"line":29,"column":69}},"29":{"start":{"line":30,"column":0},"end":{"line":30,"column":70}},"30":{"start":{"line":31,"column":0},"end":{"line":31,"column":70}},"31":{"start":{"line":32,"column":0},"end":{"line":32,"column":11}},"33":{"start":{"line":34,"column":0},"end":{"line":34,"column":29}},"34":{"start":{"line":35,"column":0},"end":{"line":35,"column":25}},"35":{"start":{"line":36,"column":0},"end":{"line":36,"column":26}},"36":{"start":{"line":37,"column":0},"end":{"line":37,"column":24}},"37":{"start":{"line":38,"column":0},"end":{"line":38,"column":47}},"38":{"start":{"line":39,"column":0},"end":{"line":39,"column":49}},"39":{"start":{"line":40,"column":0},"end":{"line":40,"column":47}},"40":{"start":{"line":41,"column":0},"end":{"line":41,"column":49}},"41":{"start":{"line":42,"column":0},"end":{"line":42,"column":11}},"43":{"start":{"line":44,"column":0},"end":{"line":44,"column":28}},"44":{"start":{"line":45,"column":0},"end":{"line":45,"column":13}},"45":{"start":{"line":46,"column":0},"end":{"line":46,"column":14}},"46":{"start":{"line":47,"column":0},"end":{"line":47,"column":16}},"47":{"start":{"line":48,"column":0},"end":{"line":48,"column":11}}},"s":{"3":1,"4":1,"5":1,"6":1,"7":1,"8":1,"9":1,"10":1,"11":1,"12":1,"13":1,"14":1,"15":1,"16":1,"17":1,"18":1,"19":1,"20":1,"22":1,"24":1,"25":1,"26":1,"27":1,"28":1,"29":1,"30":1,"31":1,"33":1,"34":1,"35":1,"36":1,"37":1,"38":1,"39":1,"40":1,"41":1,"43":1,"44":1,"45":1,"46":1,"47":1},"branchMap":{},"b":{},"fnMap":{},"f":{}}
,"D:\\Tensor\\frontend\\src\\theme\\typography.ts": {"path":"D:\\Tensor\\frontend\\src\\theme\\typography.ts","all":false,"statementMap":{"3":{"start":{"line":4,"column":0},"end":{"line":4,"column":32}},"4":{"start":{"line":5,"column":0},"end":{"line":5,"column":17}},"5":{"start":{"line":6,"column":0},"end":{"line":6,"column":36}},"6":{"start":{"line":7,"column":0},"end":{"line":7,"column":37}},"7":{"start":{"line":8,"column":0},"end":{"line":8,"column":20}},"8":{"start":{"line":9,"column":0},"end":{"line":9,"column":33}},"9":{"start":{"line":10,"column":0},"end":{"line":10,"column":4}},"10":{"start":{"line":11,"column":0},"end":{"line":11,"column":19}},"11":{"start":{"line":12,"column":0},"end":{"line":12,"column":36}},"12":{"start":{"line":13,"column":0},"end":{"line":13,"column":36}},"13":{"start":{"line":14,"column":0},"end":{"line":14,"column":20}},"14":{"start":{"line":15,"column":0},"end":{"line":15,"column":25}},"15":{"start":{"line":16,"column":0},"end":{"line":16,"column":4}},"16":{"start":{"line":17,"column":0},"end":{"line":17,"column":15}},"17":{"start":{"line":18,"column":0},"end":{"line":18,"column":36}},"18":{"start":{"line":19,"column":0},"end":{"line":19,"column":36}},"19":{"start":{"line":20,"column":0},"end":{"line":20,"column":20}},"20":{"start":{"line":21,"column":0},"end":{"line":21,"column":25}},"21":{"start":{"line":22,"column":0},"end":{"line":22,"column":4}},"22":{"start":{"line":23,"column":0},"end":{"line":23,"column":16}},"23":{"start":{"line":24,"column":0},"end":{"line":24,"column":36}},"24":{"start":{"line":25,"column":0},"end":{"line":25,"column":36}},"25":{"start":{"line":26,"column":0},"end":{"line":26,"column":20}},"26":{"start":{"line":27,"column":0},"end":{"line":27,"column":32}},"27":{"start":{"line":28,"column":0},"end":{"line":28,"column":4}},"28":{"start":{"line":29,"column":0},"end":{"line":29,"column":14}},"29":{"start":{"line":30,"column":0},"end":{"line":30,"column":36}},"30":{"start":{"line":31,"column":0},"end":{"line":31,"column":36}},"31":{"start":{"line":32,"column":0},"end":{"line":32,"column":20}},"32":{"start":{"line":33,"column":0},"end":{"line":33,"column":31}},"33":{"start":{"line":34,"column":0},"end":{"line":34,"column":4}},"34":{"start":{"line":35,"column":0},"end":{"line":35,"column":15}},"35":{"start":{"line":36,"column":0},"end":{"line":36,"column":36}},"36":{"start":{"line":37,"column":0},"end":{"line":37,"column":36}},"37":{"start":{"line":38,"column":0},"end":{"line":38,"column":20}},"38":{"start":{"line":39,"column":0},"end":{"line":39,"column":32}},"39":{"start":{"line":40,"column":0},"end":{"line":40,"column":4}},"40":{"start":{"line":41,"column":0},"end":{"line":41,"column":15}},"41":{"start":{"line":42,"column":0},"end":{"line":42,"column":36}},"42":{"start":{"line":43,"column":0},"end":{"line":43,"column":36}},"43":{"start":{"line":44,"column":0},"end":{"line":44,"column":20}},"44":{"start":{"line":45,"column":0},"end":{"line":45,"column":31}},"45":{"start":{"line":46,"column":0},"end":{"line":46,"column":4}},"46":{"start":{"line":47,"column":0},"end":{"line":47,"column":11}}},"s":{"3":1,"4":1,"5":1,"6":1,"7":1,"8":1,"9":1,"10":1,"11":1,"12":1,"13":1,"14":1,"15":1,"16":1,"17":1,"18":1,"19":1,"20":1,"21":1,"22":1,"23":1,"24":1,"25":1,"26":1,"27":1,"28":1,"29":1,"30":1,"31":1,"32":1,"33":1,"34":1,"35":1,"36":1,"37":1,"38":1,"39":1,"40":1,"41":1,"42":1,"43":1,"44":1,"45":1,"46":1},"branchMap":{},"b":{},"fnMap":{},"f":{}}
,"D:\\Tensor\\frontend\\src\\utils\\attendanceCalculator.ts": {"path":"D:\\Tensor\\frontend\\src\\utils\\attendanceCalculator.ts","all":false,"statementMap":{"7":{"start":{"line":8,"column":0},"end":{"line":8,"column":74}},"8":{"start":{"line":9,"column":0},"end":{"line":9,"column":37}},"9":{"start":{"line":10,"column":0},"end":{"line":10,"column":93}},"10":{"start":{"line":11,"column":0},"end":{"line":11,"column":55}},"11":{"start":{"line":12,"column":0},"end":{"line":12,"column":48}},"12":{"start":{"line":13,"column":0},"end":{"line":13,"column":1}}},"s":{"7":1,"8":105,"9":96,"10":96,"11":96,"12":96},"branchMap":{"0":{"type":"branch","line":8,"loc":{"start":{"line":8,"column":7},"end":{"line":13,"column":1}},"locations":[{"start":{"line":8,"column":7},"end":{"line":13,"column":1}}]},"1":{"type":"branch","line":9,"loc":{"start":{"line":9,"column":28},"end":{"line":9,"column":37}},"locations":[{"start":{"line":9,"column":28},"end":{"line":9,"column":37}}]},"2":{"type":"branch","line":9,"loc":{"start":{"line":9,"column":35},"end":{"line":13,"column":1}},"locations":[{"start":{"line":9,"column":35},"end":{"line":13,"column":1}}]},"3":{"type":"branch","line":10,"loc":{"start":{"line":10,"column":34},"end":{"line":10,"column":84}},"locations":[{"start":{"line":10,"column":34},"end":{"line":10,"column":84}}]},"4":{"type":"branch","line":10,"loc":{"start":{"line":10,"column":52},"end":{"line":10,"column":84}},"locations":[{"start":{"line":10,"column":52},"end":{"line":10,"column":84}}]}},"b":{"0":[105],"1":[9],"2":[96],"3":[544],"4":[405]},"fnMap":{"0":{"name":"calculatePercentage","decl":{"start":{"line":8,"column":7},"end":{"line":13,"column":1}},"loc":{"start":{"line":8,"column":7},"end":{"line":13,"column":1}},"line":8}},"f":{"0":105}}
,"D:\\Tensor\\frontend\\src\\utils\\csvExport.ts": {"path":"D:\\Tensor\\frontend\\src\\utils\\csvExport.ts","all":false,"statementMap":{"4":{"start":{"line":5,"column":0},"end":{"line":5,"column":28}},"5":{"start":{"line":6,"column":0},"end":{"line":6,"column":19}},"6":{"start":{"line":7,"column":0},"end":{"line":7,"column":34}},"7":{"start":{"line":8,"column":0},"end":{"line":8,"column":43}},"8":{"start":{"line":9,"column":0},"end":{"line":9,"column":9}},"9":{"start":{"line":10,"column":0},"end":{"line":10,"column":44}},"10":{"start":{"line":11,"column":0},"end":{"line":11,"column":69}},"12":{"start":{"line":13,"column":0},"end":{"line":13,"column":71}},"13":{"start":{"line":14,"column":0},"end":{"line":14,"column":44}},"14":{"start":{"line":15,"column":0},"end":{"line":15,"column":5}},"15":{"start":{"line":16,"column":0},"end":{"line":16,"column":15}},"16":{"start":{"line":17,"column":0},"end":{"line":17,"column":4}},"18":{"start":{"line":19,"column":0},"end":{"line":19,"column":66}},"19":{"start":{"line":20,"column":0},"end":{"line":20,"column":36}},"20":{"start":{"line":21,"column":0},"end":{"line":21,"column":52}},"21":{"start":{"line":22,"column":0},"end":{"line":22,"column":4}},"23":{"start":{"line":24,"column":0},"end":{"line":24,"column":50}},"24":{"start":{"line":25,"column":0},"end":{"line":25,"column":68}},"25":{"start":{"line":26,"column":0},"end":{"line":26,"column":40}},"27":{"start":{"line":28,"column":0},"end":{"line":28,"column":43}},"28":{"start":{"line":29,"column":0},"end":{"line":29,"column":18}},"29":{"start":{"line":30,"column":0},"end":{"line":30,"column":75}},"30":{"start":{"line":31,"column":0},"end":{"line":31,"column":34}},"31":{"start":{"line":32,"column":0},"end":{"line":32,"column":15}},"32":{"start":{"line":33,"column":0},"end":{"line":33,"column":34}},"33":{"start":{"line":34,"column":0},"end":{"line":34,"column":27}},"34":{"start":{"line":35,"column":0},"end":{"line":35,"column":1}}},"s":{"4":1,"5":4,"6":4,"7":4,"8":4,"9":4,"10":8,"12":8,"13":1,"14":1,"15":7,"16":8,"18":4,"19":4,"20":2,"21":4,"23":4,"24":4,"25":4,"27":4,"28":4,"29":4,"30":4,"31":4,"32":4,"33":4,"34":4},"branchMap":{"0":{"type":"branch","line":5,"loc":{"start":{"line":5,"column":7},"end":{"line":35,"column":1}},"locations":[{"start":{"line":5,"column":7},"end":{"line":35,"column":1}}]},"1":{"type":"branch","line":30,"loc":{"start":{"line":30,"column":42},"end":{"line":30,"column":57}},"locations":[{"start":{"line":30,"column":42},"end":{"line":30,"column":57}}]},"2":{"type":"branch","line":30,"loc":{"start":{"line":30,"column":46},"end":{"line":30,"column":75}},"locations":[{"start":{"line":30,"column":46},"end":{"line":30,"column":75}}]},"3":{"type":"branch","line":10,"loc":{"start":{"line":10,"column":17},"end":{"line":17,"column":4}},"locations":[{"start":{"line":10,"column":17},"end":{"line":17,"column":4}}]},"4":{"type":"branch","line":11,"loc":{"start":{"line":11,"column":40},"end":{"line":11,"column":57}},"locations":[{"start":{"line":11,"column":40},"end":{"line":11,"column":57}}]},"5":{"type":"branch","line":13,"loc":{"start":{"line":13,"column":24},"end":{"line":13,"column":50}},"locations":[{"start":{"line":13,"column":24},"end":{"line":13,"column":50}}]},"6":{"type":"branch","line":13,"loc":{"start":{"line":13,"column":45},"end":{"line":13,"column":70}},"locations":[{"start":{"line":13,"column":45},"end":{"line":13,"column":70}}]},"7":{"type":"branch","line":13,"loc":{"start":{"line":13,"column":70},"end":{"line":15,"column":5}},"locations":[{"start":{"line":13,"column":70},"end":{"line":15,"column":5}}]},"8":{"type":"branch","line":15,"loc":{"start":{"line":15,"column":4},"end":{"line":16,"column":15}},"locations":[{"start":{"line":15,"column":4},"end":{"line":16,"column":15}}]},"9":{"type":"branch","line":19,"loc":{"start":{"line":19,"column":32},"end":{"line":19,"column":54}},"locations":[{"start":{"line":19,"column":32},"end":{"line":19,"column":54}}]},"10":{"type":"branch","line":20,"loc":{"start":{"line":20,"column":28},"end":{"line":21,"column":52}},"locations":[{"start":{"line":20,"column":28},"end":{"line":21,"column":52}}]},"11":{"type":"branch","line":21,"loc":{"start":{"line":21,"column":16},"end":{"line":21,"column":41}},"locations":[{"start":{"line":21,"column":16},"end":{"line":21,"column":41}}]}},"b":{"0":[4],"1":[1],"2":[3],"3":[8],"4":[0],"5":[7],"6":[7],"7":[1],"8":[7],"9":[5],"10":[2],"11":[3]},"fnMap":{"0":{"name":"exportToCsv","decl":{"start":{"line":5,"column":7},"end":{"line":35,"column":1}},"loc":{"start":{"line":5,"column":7},"end":{"line":35,"column":1}},"line":5},"1":{"name":"escape","decl":{"start":{"line":10,"column":17},"end":{"line":17,"column":4}},"loc":{"start":{"line":10,"column":17},"end":{"line":17,"column":4}},"line":10}},"f":{"0":4,"1":8}}
,"D:\\Tensor\\frontend\\src\\utils\\feeCalculator.ts": {"path":"D:\\Tensor\\frontend\\src\\utils\\feeCalculator.ts","all":false,"statementMap":{"6":{"start":{"line":7,"column":0},"end":{"line":7,"column":68}},"7":{"start":{"line":8,"column":0},"end":{"line":8,"column":100}},"8":{"start":{"line":9,"column":0},"end":{"line":9,"column":1}},"14":{"start":{"line":15,"column":0},"end":{"line":15,"column":95}},"15":{"start":{"line":16,"column":0},"end":{"line":16,"column":48}},"16":{"start":{"line":17,"column":0},"end":{"line":17,"column":67}},"17":{"start":{"line":18,"column":0},"end":{"line":18,"column":43}},"18":{"start":{"line":19,"column":0},"end":{"line":19,"column":1}}},"s":{"6":1,"7":305,"8":305,"14":1,"15":103,"16":103,"17":103,"18":103},"branchMap":{"0":{"type":"branch","line":7,"loc":{"start":{"line":7,"column":7},"end":{"line":9,"column":1}},"locations":[{"start":{"line":7,"column":7},"end":{"line":9,"column":1}}]},"1":{"type":"branch","line":15,"loc":{"start":{"line":15,"column":7},"end":{"line":19,"column":1}},"locations":[{"start":{"line":15,"column":7},"end":{"line":19,"column":1}}]},"2":{"type":"branch","line":17,"loc":{"start":{"line":17,"column":36},"end":{"line":17,"column":64}},"locations":[{"start":{"line":17,"column":36},"end":{"line":17,"column":64}}]}},"b":{"0":[305],"1":[103],"2":[467]},"fnMap":{"0":{"name":"calculateTotalFee","decl":{"start":{"line":7,"column":7},"end":{"line":9,"column":1}},"loc":{"start":{"line":7,"column":7},"end":{"line":9,"column":1}},"line":7},"1":{"name":"calculateOutstanding","decl":{"start":{"line":15,"column":7},"end":{"line":19,"column":1}},"loc":{"start":{"line":15,"column":7},"end":{"line":19,"column":1}},"line":15}},"f":{"0":305,"1":103}}
,"D:\\Tensor\\frontend\\src\\utils\\gradeCalculator.ts": {"path":"D:\\Tensor\\frontend\\src\\utils\\gradeCalculator.ts","all":false,"statementMap":{"7":{"start":{"line":8,"column":0},"end":{"line":8,"column":86}},"8":{"start":{"line":9,"column":0},"end":{"line":9,"column":32}},"9":{"start":{"line":10,"column":0},"end":{"line":10,"column":54}},"10":{"start":{"line":11,"column":0},"end":{"line":11,"column":35}},"11":{"start":{"line":12,"column":0},"end":{"line":12,"column":35}},"12":{"start":{"line":13,"column":0},"end":{"line":13,"column":35}},"13":{"start":{"line":14,"column":0},"end":{"line":14,"column":35}},"14":{"start":{"line":15,"column":0},"end":{"line":15,"column":13}},"15":{"start":{"line":16,"column":0},"end":{"line":16,"column":1}}},"s":{"7":1,"8":84,"9":83,"10":84,"11":84,"12":84,"13":84,"14":36,"15":36},"branchMap":{"0":{"type":"branch","line":8,"loc":{"start":{"line":8,"column":7},"end":{"line":16,"column":1}},"locations":[{"start":{"line":8,"column":7},"end":{"line":16,"column":1}}]},"1":{"type":"branch","line":9,"loc":{"start":{"line":9,"column":21},"end":{"line":9,"column":32}},"locations":[{"start":{"line":9,"column":21},"end":{"line":9,"column":32}}]},"2":{"type":"branch","line":9,"loc":{"start":{"line":9,"column":28},"end":{"line":11,"column":31}},"locations":[{"start":{"line":9,"column":28},"end":{"line":11,"column":31}}]},"3":{"type":"branch","line":11,"loc":{"start":{"line":11,"column":24},"end":{"line":11,"column":35}},"locations":[{"start":{"line":11,"column":24},"end":{"line":11,"column":35}}]},"4":{"type":"branch","line":11,"loc":{"start":{"line":11,"column":31},"end":{"line":12,"column":31}},"locations":[{"start":{"line":11,"column":31},"end":{"line":12,"column":31}}]},"5":{"type":"branch","line":12,"loc":{"start":{"line":12,"column":24},"end":{"line":12,"column":35}},"locations":[{"start":{"line":12,"column":24},"end":{"line":12,"column":35}}]},"6":{"type":"branch","line":12,"loc":{"start":{"line":12,"column":31},"end":{"line":13,"column":31}},"locations":[{"start":{"line":12,"column":31},"end":{"line":13,"column":31}}]},"7":{"type":"branch","line":13,"loc":{"start":{"line":13,"column":24},"end":{"line":13,"column":35}},"locations":[{"start":{"line":13,"column":24},"end":{"line":13,"column":35}}]},"8":{"type":"branch","line":13,"loc":{"start":{"line":13,"column":31},"end":{"line":14,"column":31}},"locations":[{"start":{"line":13,"column":31},"end":{"line":14,"column":31}}]},"9":{"type":"branch","line":14,"loc":{"start":{"line":14,"column":24},"end":{"line":16,"column":1}},"locations":[{"start":{"line":14,"column":24},"end":{"line":16,"column":1}}]},"10":{"type":"branch","line":14,"loc":{"start":{"line":14,"column":24},"end":{"line":14,"column":35}},"locations":[{"start":{"line":14,"column":24},"end":{"line":14,"column":35}}]},"11":{"type":"branch","line":14,"loc":{"start":{"line":14,"column":31},"end":{"line":16,"column":1}},"locations":[{"start":{"line":14,"column":31},"end":{"line":16,"column":1}}]}},"b":{"0":[84],"1":[1],"2":[83],"3":[20],"4":[63],"5":[10],"6":[53],"7":[9],"8":[44],"9":[74],"10":[8],"11":[36]},"fnMap":{"0":{"name":"calculateGrade","decl":{"start":{"line":8,"column":7},"end":{"line":16,"column":1}},"loc":{"start":{"line":8,"column":7},"end":{"line":16,"column":1}},"line":8}},"f":{"0":84}}
,"D:\\Tensor\\frontend\\src\\utils\\paginationHelper.ts": {"path":"D:\\Tensor\\frontend\\src\\utils\\paginationHelper.ts","all":false,"statementMap":{"4":{"start":{"line":5,"column":0},"end":{"line":5,"column":78}},"5":{"start":{"line":6,"column":0},"end":{"line":6,"column":44}},"6":{"start":{"line":7,"column":0},"end":{"line":7,"column":37}},"7":{"start":{"line":8,"column":0},"end":{"line":8,"column":1}},"13":{"start":{"line":14,"column":0},"end":{"line":14,"column":82}},"14":{"start":{"line":15,"column":0},"end":{"line":15,"column":44}},"15":{"start":{"line":16,"column":0},"end":{"line":16,"column":38}},"16":{"start":{"line":17,"column":0},"end":{"line":17,"column":46}},"17":{"start":{"line":18,"column":0},"end":{"line":18,"column":1}}},"s":{"4":1,"5":206,"6":202,"7":202,"13":1,"14":105,"15":103,"16":103,"17":103},"branchMap":{"0":{"type":"branch","line":5,"loc":{"start":{"line":5,"column":7},"end":{"line":8,"column":1}},"locations":[{"start":{"line":5,"column":7},"end":{"line":8,"column":1}}]},"1":{"type":"branch","line":6,"loc":{"start":{"line":6,"column":18},"end":{"line":6,"column":35}},"locations":[{"start":{"line":6,"column":18},"end":{"line":6,"column":35}}]},"2":{"type":"branch","line":6,"loc":{"start":{"line":6,"column":35},"end":{"line":6,"column":44}},"locations":[{"start":{"line":6,"column":35},"end":{"line":6,"column":44}}]},"3":{"type":"branch","line":6,"loc":{"start":{"line":6,"column":42},"end":{"line":8,"column":1}},"locations":[{"start":{"line":6,"column":42},"end":{"line":8,"column":1}}]},"4":{"type":"branch","line":14,"loc":{"start":{"line":14,"column":7},"end":{"line":18,"column":1}},"locations":[{"start":{"line":14,"column":7},"end":{"line":18,"column":1}}]},"5":{"type":"branch","line":15,"loc":{"start":{"line":15,"column":18},"end":{"line":15,"column":34}},"locations":[{"start":{"line":15,"column":18},"end":{"line":15,"column":34}}]},"6":{"type":"branch","line":15,"loc":{"start":{"line":15,"column":34},"end":{"line":15,"column":44}},"locations":[{"start":{"line":15,"column":34},"end":{"line":15,"column":44}}]},"7":{"type":"branch","line":15,"loc":{"start":{"line":15,"column":42},"end":{"line":18,"column":1}},"locations":[{"start":{"line":15,"column":42},"end":{"line":18,"column":1}}]}},"b":{"0":[206],"1":[205],"2":[4],"3":[202],"4":[105],"5":[104],"6":[2],"7":[103]},"fnMap":{"0":{"name":"calculateTotalPages","decl":{"start":{"line":5,"column":7},"end":{"line":8,"column":1}},"loc":{"start":{"line":5,"column":7},"end":{"line":8,"column":1}},"line":5},"1":{"name":"getPageItems","decl":{"start":{"line":14,"column":7},"end":{"line":18,"column":1}},"loc":{"start":{"line":14,"column":7},"end":{"line":18,"column":1}},"line":14}},"f":{"0":206,"1":105}}
,"D:\\Tensor\\frontend\\src\\utils\\routeParamValidator.ts": {"path":"D:\\Tensor\\frontend\\src\\utils\\routeParamValidator.ts","all":false,"statementMap":{"5":{"start":{"line":6,"column":0},"end":{"line":6,"column":79}},"6":{"start":{"line":7,"column":0},"end":{"line":7,"column":57}},"7":{"start":{"line":8,"column":0},"end":{"line":8,"column":45}},"8":{"start":{"line":9,"column":0},"end":{"line":9,"column":29}},"9":{"start":{"line":10,"column":0},"end":{"line":10,"column":1}}},"s":{"5":1,"6":221,"7":221,"8":111,"9":111},"branchMap":{"0":{"type":"branch","line":6,"loc":{"start":{"line":6,"column":7},"end":{"line":10,"column":1}},"locations":[{"start":{"line":6,"column":7},"end":{"line":10,"column":1}}]},"1":{"type":"branch","line":7,"loc":{"start":{"line":7,"column":16},"end":{"line":7,"column":45}},"locations":[{"start":{"line":7,"column":16},"end":{"line":7,"column":45}}]},"2":{"type":"branch","line":7,"loc":{"start":{"line":7,"column":45},"end":{"line":7,"column":57}},"locations":[{"start":{"line":7,"column":45},"end":{"line":7,"column":57}}]},"3":{"type":"branch","line":7,"loc":{"start":{"line":7,"column":52},"end":{"line":8,"column":40}},"locations":[{"start":{"line":7,"column":52},"end":{"line":8,"column":40}}]},"4":{"type":"branch","line":8,"loc":{"start":{"line":8,"column":33},"end":{"line":10,"column":1}},"locations":[{"start":{"line":8,"column":33},"end":{"line":10,"column":1}}]},"5":{"type":"branch","line":8,"loc":{"start":{"line":8,"column":33},"end":{"line":8,"column":45}},"locations":[{"start":{"line":8,"column":33},"end":{"line":8,"column":45}}]},"6":{"type":"branch","line":8,"loc":{"start":{"line":8,"column":40},"end":{"line":10,"column":1}},"locations":[{"start":{"line":8,"column":40},"end":{"line":10,"column":1}}]}},"b":{"0":[221],"1":[219],"2":[2],"3":[219],"4":[120],"5":[108],"6":[111]},"fnMap":{"0":{"name":"validatePositiveInt","decl":{"start":{"line":6,"column":7},"end":{"line":10,"column":1}},"loc":{"start":{"line":6,"column":7},"end":{"line":10,"column":1}},"line":6}},"f":{"0":221}}
,"D:\\Tensor\\frontend\\src\\utils\\sanitize.ts": {"path":"D:\\Tensor\\frontend\\src\\utils\\sanitize.ts","all":false,"statementMap":{"0":{"start":{"line":1,"column":0},"end":{"line":1,"column":34}},"7":{"start":{"line":8,"column":0},"end":{"line":8,"column":49}},"8":{"start":{"line":9,"column":0},"end":{"line":9,"column":75}},"9":{"start":{"line":10,"column":0},"end":{"line":10,"column":1}}},"s":{"0":1,"7":1,"8":104,"9":104},"branchMap":{"0":{"type":"branch","line":8,"loc":{"start":{"line":8,"column":7},"end":{"line":10,"column":1}},"locations":[{"start":{"line":8,"column":7},"end":{"line":10,"column":1}}]}},"b":{"0":[104]},"fnMap":{"0":{"name":"sanitize","decl":{"start":{"line":8,"column":7},"end":{"line":10,"column":1}},"loc":{"start":{"line":8,"column":7},"end":{"line":10,"column":1}},"line":8}},"f":{"0":104}}
}
